<?xml version="1.0" encoding="UTF-8"?>
<coverage generated="1558525807690" clover="3.2.0">
  <project timestamp="1558525807690" name="All files">
    <metrics statements="706" coveredstatements="516" conditionals="276" coveredconditionals="174" methods="294" coveredmethods="179" elements="1276" coveredelements="869" complexity="0" loc="706" ncloc="706" packages="29" files="68" classes="68"/>
    <package name="src">
      <metrics statements="50" coveredstatements="10" conditionals="32" coveredconditionals="0" methods="17" coveredmethods="2"/>
      <file name="App.js" path="/Users/obaga/Desktop/Centauri/ah-centauri-frontend/src/App.js">
        <metrics statements="4" coveredstatements="4" conditionals="0" coveredconditionals="0" methods="2" coveredmethods="2"/>
        <line num="10" count="1" type="stmt"/>
        <line num="12" count="1" type="stmt"/>
        <line num="13" count="1" type="stmt"/>
        <line num="19" count="11" type="stmt"/>
      </file>
      <file name="firebase.js" path="/Users/obaga/Desktop/Centauri/ah-centauri-frontend/src/firebase.js">
        <metrics statements="6" coveredstatements="6" conditionals="0" coveredconditionals="0" methods="0" coveredmethods="0"/>
        <line num="4" count="13" type="stmt"/>
        <line num="14" count="13" type="stmt"/>
        <line num="16" count="13" type="stmt"/>
        <line num="17" count="13" type="stmt"/>
        <line num="18" count="13" type="stmt"/>
        <line num="19" count="13" type="stmt"/>
      </file>
      <file name="index.js" path="/Users/obaga/Desktop/Centauri/ah-centauri-frontend/src/index.js">
        <metrics statements="2" coveredstatements="0" conditionals="0" coveredconditionals="0" methods="0" coveredmethods="0"/>
        <line num="11" count="0" type="stmt"/>
        <line num="16" count="0" type="stmt"/>
      </file>
      <file name="serviceWorker.js" path="/Users/obaga/Desktop/Centauri/ah-centauri-frontend/src/serviceWorker.js">
        <metrics statements="38" coveredstatements="0" conditionals="32" coveredconditionals="0" methods="15" coveredmethods="0"/>
        <line num="13" count="0" type="stmt"/>
        <line num="24" count="0" type="cond" truecount="0" falsecount="4"/>
        <line num="26" count="0" type="stmt"/>
        <line num="27" count="0" type="cond" truecount="0" falsecount="2"/>
        <line num="31" count="0" type="stmt"/>
        <line num="34" count="0" type="stmt"/>
        <line num="35" count="0" type="stmt"/>
        <line num="37" count="0" type="cond" truecount="0" falsecount="2"/>
        <line num="39" count="0" type="stmt"/>
        <line num="43" count="0" type="stmt"/>
        <line num="44" count="0" type="stmt"/>
        <line num="52" count="0" type="stmt"/>
        <line num="59" count="0" type="stmt"/>
        <line num="62" count="0" type="stmt"/>
        <line num="63" count="0" type="stmt"/>
        <line num="64" count="0" type="cond" truecount="0" falsecount="2"/>
        <line num="65" count="0" type="stmt"/>
        <line num="67" count="0" type="stmt"/>
        <line num="68" count="0" type="cond" truecount="0" falsecount="2"/>
        <line num="69" count="0" type="cond" truecount="0" falsecount="2"/>
        <line num="73" count="0" type="stmt"/>
        <line num="79" count="0" type="cond" truecount="0" falsecount="4"/>
        <line num="80" count="0" type="stmt"/>
        <line num="87" count="0" type="stmt"/>
        <line num="90" count="0" type="cond" truecount="0" falsecount="4"/>
        <line num="91" count="0" type="stmt"/>
        <line num="99" count="0" type="stmt"/>
        <line num="105" count="0" type="stmt"/>
        <line num="108" count="0" type="stmt"/>
        <line num="109" count="0" type="cond" truecount="0" falsecount="2"/>
        <line num="114" count="0" type="stmt"/>
        <line num="115" count="0" type="stmt"/>
        <line num="116" count="0" type="stmt"/>
        <line num="122" count="0" type="stmt"/>
        <line num="126" count="0" type="stmt"/>
        <line num="133" count="0" type="cond" truecount="0" falsecount="2"/>
        <line num="134" count="0" type="stmt"/>
        <line num="135" count="0" type="stmt"/>
      </file>
    </package>
    <package name="src.actions">
      <metrics statements="178" coveredstatements="109" conditionals="26" coveredconditionals="15" methods="99" coveredmethods="46"/>
      <file name="articlesActions.js" path="/Users/obaga/Desktop/Centauri/ah-centauri-frontend/src/actions/articlesActions.js">
        <metrics statements="40" coveredstatements="14" conditionals="2" coveredconditionals="0" methods="29" coveredmethods="8"/>
        <line num="12" count="13" type="stmt"/>
        <line num="16" count="13" type="stmt"/>
        <line num="21" count="13" type="stmt"/>
        <line num="26" count="13" type="stmt"/>
        <line num="32" count="13" type="stmt"/>
        <line num="37" count="13" type="stmt"/>
        <line num="42" count="13" type="stmt"/>
        <line num="43" count="1" type="stmt"/>
        <line num="44" count="1" type="stmt"/>
        <line num="46" count="0" type="stmt"/>
        <line num="48" count="0" type="stmt"/>
        <line num="51" count="13" type="stmt"/>
        <line num="52" count="0" type="stmt"/>
        <line num="53" count="0" type="stmt"/>
        <line num="55" count="0" type="stmt"/>
        <line num="56" count="0" type="stmt"/>
        <line num="58" count="0" type="stmt"/>
        <line num="59" count="0" type="stmt"/>
        <line num="63" count="13" type="stmt"/>
        <line num="64" count="0" type="stmt"/>
        <line num="65" count="0" type="stmt"/>
        <line num="67" count="0" type="stmt"/>
        <line num="68" count="0" type="stmt"/>
        <line num="70" count="0" type="stmt"/>
        <line num="74" count="13" type="stmt"/>
        <line num="75" count="0" type="stmt"/>
        <line num="77" count="0" type="stmt"/>
        <line num="78" count="0" type="stmt"/>
        <line num="80" count="0" type="cond" truecount="0" falsecount="2"/>
        <line num="81" count="0" type="stmt"/>
        <line num="83" count="0" type="stmt"/>
        <line num="87" count="13" type="stmt"/>
        <line num="88" count="0" type="stmt"/>
        <line num="89" count="0" type="stmt"/>
        <line num="91" count="0" type="stmt"/>
        <line num="93" count="0" type="stmt"/>
        <line num="97" count="13" type="stmt"/>
        <line num="98" count="0" type="stmt"/>
        <line num="99" count="0" type="stmt"/>
        <line num="101" count="0" type="stmt"/>
      </file>
      <file name="authActions.js" path="/Users/obaga/Desktop/Centauri/ah-centauri-frontend/src/actions/authActions.js">
        <metrics statements="18" coveredstatements="18" conditionals="0" coveredconditionals="0" methods="12" coveredmethods="12"/>
        <line num="9" count="25" type="stmt"/>
        <line num="14" count="25" type="stmt"/>
        <line num="19" count="25" type="stmt"/>
        <line num="20" count="7" type="stmt"/>
        <line num="22" count="7" type="stmt"/>
        <line num="28" count="25" type="stmt"/>
        <line num="29" count="2" type="stmt"/>
        <line num="30" count="2" type="stmt"/>
        <line num="35" count="25" type="stmt"/>
        <line num="36" count="2" type="stmt"/>
        <line num="37" count="2" type="stmt"/>
        <line num="39" count="1" type="stmt"/>
        <line num="42" count="1" type="stmt"/>
        <line num="47" count="25" type="stmt"/>
        <line num="48" count="2" type="stmt"/>
        <line num="49" count="2" type="stmt"/>
        <line num="51" count="1" type="stmt"/>
        <line num="54" count="1" type="stmt"/>
      </file>
      <file name="emailVerification.js" path="/Users/obaga/Desktop/Centauri/ah-centauri-frontend/src/actions/emailVerification.js">
        <metrics statements="1" coveredstatements="1" conditionals="0" coveredconditionals="0" methods="2" coveredmethods="0"/>
        <line num="3" count="2" type="stmt"/>
      </file>
      <file name="likeActions.js" path="/Users/obaga/Desktop/Centauri/ah-centauri-frontend/src/actions/likeActions.js">
        <metrics statements="22" coveredstatements="6" conditionals="8" coveredconditionals="0" methods="8" coveredmethods="3"/>
        <line num="11" count="14" type="stmt"/>
        <line num="16" count="14" type="stmt"/>
        <line num="21" count="14" type="stmt"/>
        <line num="26" count="14" type="stmt"/>
        <line num="31" count="14" type="stmt"/>
        <line num="32" count="0" type="stmt"/>
        <line num="33" count="0" type="stmt"/>
        <line num="34" count="0" type="stmt"/>
        <line num="35" count="0" type="stmt"/>
        <line num="37" count="0" type="cond" truecount="0" falsecount="4"/>
        <line num="38" count="0" type="stmt"/>
        <line num="39" count="0" type="stmt"/>
        <line num="41" count="0" type="stmt"/>
        <line num="46" count="14" type="stmt"/>
        <line num="47" count="0" type="stmt"/>
        <line num="48" count="0" type="stmt"/>
        <line num="49" count="0" type="stmt"/>
        <line num="50" count="0" type="stmt"/>
        <line num="52" count="0" type="cond" truecount="0" falsecount="4"/>
        <line num="53" count="0" type="stmt"/>
        <line num="54" count="0" type="stmt"/>
        <line num="56" count="0" type="stmt"/>
      </file>
      <file name="paginationActions.js" path="/Users/obaga/Desktop/Centauri/ah-centauri-frontend/src/actions/paginationActions.js">
        <metrics statements="1" coveredstatements="1" conditionals="0" coveredconditionals="0" methods="1" coveredmethods="1"/>
        <line num="3" count="5" type="stmt"/>
      </file>
      <file name="profileActions.js" path="/Users/obaga/Desktop/Centauri/ah-centauri-frontend/src/actions/profileActions.js">
        <metrics statements="18" coveredstatements="18" conditionals="10" coveredconditionals="10" methods="10" coveredmethods="10"/>
        <line num="12" count="7" type="stmt"/>
        <line num="16" count="9" type="stmt"/>
        <line num="19" count="13" type="stmt"/>
        <line num="20" count="4" type="stmt"/>
        <line num="21" count="4" type="stmt"/>
        <line num="23" count="1" type="stmt"/>
        <line num="26" count="2" type="cond" truecount="4" falsecount="0"/>
        <line num="27" count="1" type="stmt"/>
        <line num="28" count="1" type="stmt"/>
        <line num="30" count="1" type="stmt"/>
        <line num="35" count="13" type="stmt"/>
        <line num="36" count="3" type="stmt"/>
        <line num="37" count="3" type="stmt"/>
        <line num="39" count="1" type="stmt"/>
        <line num="42" count="2" type="cond" truecount="4" falsecount="0"/>
        <line num="43" count="1" type="stmt"/>
        <line num="44" count="1" type="stmt"/>
        <line num="46" count="1" type="stmt"/>
      </file>
      <file name="ratingActions.js" path="/Users/obaga/Desktop/Centauri/ah-centauri-frontend/src/actions/ratingActions.js">
        <metrics statements="9" coveredstatements="4" conditionals="0" coveredconditionals="0" methods="7" coveredmethods="2"/>
        <line num="10" count="6" type="stmt"/>
        <line num="15" count="6" type="stmt"/>
        <line num="20" count="6" type="stmt"/>
        <line num="25" count="6" type="stmt"/>
        <line num="26" count="0" type="stmt"/>
        <line num="27" count="0" type="stmt"/>
        <line num="29" count="0" type="stmt"/>
        <line num="30" count="0" type="stmt"/>
        <line num="33" count="0" type="stmt"/>
      </file>
      <file name="resetActions.js" path="/Users/obaga/Desktop/Centauri/ah-centauri-frontend/src/actions/resetActions.js">
        <metrics statements="21" coveredstatements="19" conditionals="6" coveredconditionals="5" methods="10" coveredmethods="10"/>
        <line num="7" count="5" type="stmt"/>
        <line num="8" count="10" type="stmt"/>
        <line num="14" count="5" type="stmt"/>
        <line num="15" count="6" type="stmt"/>
        <line num="21" count="5" type="stmt"/>
        <line num="22" count="3" type="stmt"/>
        <line num="24" count="1" type="stmt"/>
        <line num="27" count="2" type="stmt"/>
        <line num="28" count="2" type="cond" truecount="2" falsecount="0"/>
        <line num="29" count="1" type="cond" truecount="1" falsecount="1"/>
        <line num="30" count="0" type="stmt"/>
        <line num="33" count="0" type="stmt"/>
        <line num="35" count="1" type="stmt"/>
        <line num="38" count="1" type="stmt"/>
        <line num="43" count="5" type="stmt"/>
        <line num="44" count="3" type="stmt"/>
        <line num="46" count="1" type="stmt"/>
        <line num="49" count="2" type="stmt"/>
        <line num="50" count="2" type="cond" truecount="2" falsecount="0"/>
        <line num="51" count="1" type="stmt"/>
        <line num="53" count="1" type="stmt"/>
      </file>
      <file name="searchActions.js" path="/Users/obaga/Desktop/Centauri/ah-centauri-frontend/src/actions/searchActions.js">
        <metrics statements="0" coveredstatements="0" conditionals="0" coveredconditionals="0" methods="0" coveredmethods="0"/>
      </file>
      <file name="socialAuthActions.js" path="/Users/obaga/Desktop/Centauri/ah-centauri-frontend/src/actions/socialAuthActions.js">
        <metrics statements="24" coveredstatements="4" conditionals="0" coveredconditionals="0" methods="20" coveredmethods="0"/>
        <line num="17" count="13" type="stmt"/>
        <line num="20" count="0" type="stmt"/>
        <line num="21" count="0" type="stmt"/>
        <line num="22" count="0" type="stmt"/>
        <line num="29" count="0" type="stmt"/>
        <line num="32" count="0" type="stmt"/>
        <line num="36" count="0" type="stmt"/>
        <line num="43" count="13" type="stmt"/>
        <line num="46" count="0" type="stmt"/>
        <line num="47" count="0" type="stmt"/>
        <line num="48" count="0" type="stmt"/>
        <line num="58" count="0" type="stmt"/>
        <line num="61" count="0" type="stmt"/>
        <line num="65" count="0" type="stmt"/>
        <line num="73" count="13" type="stmt"/>
        <line num="76" count="0" type="stmt"/>
        <line num="77" count="0" type="stmt"/>
        <line num="78" count="0" type="stmt"/>
        <line num="85" count="0" type="stmt"/>
        <line num="88" count="0" type="stmt"/>
        <line num="92" count="0" type="stmt"/>
        <line num="100" count="13" type="stmt"/>
        <line num="101" count="0" type="stmt"/>
        <line num="102" count="0" type="stmt"/>
      </file>
      <file name="types.js" path="/Users/obaga/Desktop/Centauri/ah-centauri-frontend/src/actions/types.js">
        <metrics statements="24" coveredstatements="24" conditionals="0" coveredconditionals="0" methods="0" coveredmethods="0"/>
        <line num="3" count="29" type="stmt"/>
        <line num="4" count="29" type="stmt"/>
        <line num="5" count="29" type="stmt"/>
        <line num="7" count="29" type="stmt"/>
        <line num="9" count="29" type="stmt"/>
        <line num="10" count="29" type="stmt"/>
        <line num="11" count="29" type="stmt"/>
        <line num="12" count="29" type="stmt"/>
        <line num="14" count="29" type="stmt"/>
        <line num="15" count="29" type="stmt"/>
        <line num="18" count="29" type="stmt"/>
        <line num="19" count="29" type="stmt"/>
        <line num="20" count="29" type="stmt"/>
        <line num="21" count="29" type="stmt"/>
        <line num="22" count="29" type="stmt"/>
        <line num="24" count="29" type="stmt"/>
        <line num="25" count="29" type="stmt"/>
        <line num="26" count="29" type="stmt"/>
        <line num="27" count="29" type="stmt"/>
        <line num="28" count="29" type="stmt"/>
        <line num="29" count="29" type="stmt"/>
        <line num="30" count="29" type="stmt"/>
        <line num="31" count="29" type="stmt"/>
        <line num="33" count="29" type="stmt"/>
      </file>
    </package>
    <package name="src.components.ArticlePagination">
      <metrics statements="23" coveredstatements="23" conditionals="8" coveredconditionals="6" methods="6" coveredmethods="6"/>
      <file name="ArticlePagination.js" path="/Users/obaga/Desktop/Centauri/ah-centauri-frontend/src/components/ArticlePagination/ArticlePagination.js">
        <metrics statements="23" coveredstatements="23" conditionals="8" coveredconditionals="6" methods="6" coveredmethods="6"/>
        <line num="4" count="4" type="stmt"/>
        <line num="5" count="7" type="cond" truecount="2" falsecount="0"/>
        <line num="6" count="2" type="stmt"/>
        <line num="9" count="5" type="stmt"/>
        <line num="10" count="5" type="stmt"/>
        <line num="11" count="8" type="stmt"/>
        <line num="14" count="5" type="stmt"/>
        <line num="15" count="8" type="stmt"/>
        <line num="18" count="5" type="stmt"/>
        <line num="19" count="5" type="stmt"/>
        <line num="20" count="2" type="stmt"/>
        <line num="21" count="2" type="cond" truecount="2" falsecount="0"/>
        <line num="22" count="1" type="stmt"/>
        <line num="24" count="1" type="cond" truecount="1" falsecount="1"/>
        <line num="25" count="1" type="stmt"/>
        <line num="27" count="2" type="cond" truecount="1" falsecount="1"/>
        <line num="28" count="2" type="stmt"/>
        <line num="32" count="5" type="stmt"/>
        <line num="41" count="8" type="stmt"/>
        <line num="42" count="8" type="stmt"/>
        <line num="43" count="1" type="stmt"/>
        <line num="44" count="1" type="stmt"/>
        <line num="46" count="8" type="stmt"/>
      </file>
    </package>
    <package name="src.components.ArticleRating">
      <metrics statements="21" coveredstatements="19" conditionals="10" coveredconditionals="7" methods="8" coveredmethods="7"/>
      <file name="ArticleRating.jsx" path="/Users/obaga/Desktop/Centauri/ah-centauri-frontend/src/components/ArticleRating/ArticleRating.jsx">
        <metrics statements="21" coveredstatements="19" conditionals="10" coveredconditionals="7" methods="8" coveredmethods="7"/>
        <line num="14" count="1" type="stmt"/>
        <line num="16" count="1" type="stmt"/>
        <line num="18" count="1" type="stmt"/>
        <line num="27" count="1" type="stmt"/>
        <line num="31" count="1" type="stmt"/>
        <line num="32" count="1" type="stmt"/>
        <line num="36" count="1" type="stmt"/>
        <line num="37" count="1" type="stmt"/>
        <line num="38" count="1" type="stmt"/>
        <line num="40" count="1" type="stmt"/>
        <line num="42" count="1" type="stmt"/>
        <line num="45" count="10" type="cond" truecount="2" falsecount="0"/>
        <line num="48" count="1" type="stmt"/>
        <line num="49" count="1" type="stmt"/>
        <line num="51" count="1" type="stmt"/>
        <line num="55" count="5" type="stmt"/>
        <line num="83" count="4" type="stmt"/>
        <line num="84" count="0" type="stmt"/>
        <line num="85" count="0" type="stmt"/>
        <line num="91" count="4" type="stmt"/>
        <line num="96" count="4" type="stmt"/>
      </file>
    </package>
    <package name="src.components.CustomArticle">
      <metrics statements="24" coveredstatements="23" conditionals="12" coveredconditionals="6" methods="11" coveredmethods="8"/>
      <file name="ArticleFeed.jsx" path="/Users/obaga/Desktop/Centauri/ah-centauri-frontend/src/components/CustomArticle/ArticleFeed.jsx">
        <metrics statements="5" coveredstatements="4" conditionals="0" coveredconditionals="0" methods="2" coveredmethods="1"/>
        <line num="7" count="4" type="stmt"/>
        <line num="8" count="2" type="stmt"/>
        <line num="12" count="0" type="stmt"/>
        <line num="32" count="4" type="stmt"/>
        <line num="36" count="4" type="stmt"/>
      </file>
      <file name="ArticleItem.jsx" path="/Users/obaga/Desktop/Centauri/ah-centauri-frontend/src/components/CustomArticle/ArticleItem.jsx">
        <metrics statements="4" coveredstatements="4" conditionals="0" coveredconditionals="0" methods="2" coveredmethods="2"/>
        <line num="8" count="5" type="stmt"/>
        <line num="9" count="1" type="stmt"/>
        <line num="13" count="2" type="stmt"/>
        <line num="105" count="5" type="stmt"/>
      </file>
      <file name="MyArticleDraftFeed.js" path="/Users/obaga/Desktop/Centauri/ah-centauri-frontend/src/components/CustomArticle/MyArticleDraftFeed.js">
        <metrics statements="3" coveredstatements="3" conditionals="0" coveredconditionals="0" methods="2" coveredmethods="0"/>
        <line num="7" count="2" type="stmt"/>
        <line num="9" count="2" type="stmt"/>
        <line num="13" count="2" type="stmt"/>
      </file>
      <file name="MyArticleDraftItem.jsx" path="/Users/obaga/Desktop/Centauri/ah-centauri-frontend/src/components/CustomArticle/MyArticleDraftItem.jsx">
        <metrics statements="6" coveredstatements="6" conditionals="0" coveredconditionals="0" methods="2" coveredmethods="2"/>
        <line num="11" count="1" type="stmt"/>
        <line num="13" count="1" type="stmt"/>
        <line num="17" count="1" type="stmt"/>
        <line num="19" count="1" type="stmt"/>
        <line num="83" count="3" type="stmt"/>
        <line num="87" count="3" type="stmt"/>
      </file>
      <file name="SingleArticleItem.jsx" path="/Users/obaga/Desktop/Centauri/ah-centauri-frontend/src/components/CustomArticle/SingleArticleItem.jsx">
        <metrics statements="6" coveredstatements="6" conditionals="12" coveredconditionals="6" methods="3" coveredmethods="3"/>
        <line num="12" count="3" type="stmt"/>
        <line num="13" count="1" type="stmt"/>
        <line num="54" count="2" type="cond" truecount="1" falsecount="1"/>
        <line num="131" count="2" type="stmt"/>
        <line num="156" count="3" type="stmt"/>
        <line num="160" count="3" type="stmt"/>
      </file>
    </package>
    <package name="src.components.CustomForm">
      <metrics statements="14" coveredstatements="11" conditionals="4" coveredconditionals="2" methods="4" coveredmethods="3"/>
      <file name="CustomForm.jsx" path="/Users/obaga/Desktop/Centauri/ah-centauri-frontend/src/components/CustomForm/CustomForm.jsx">
        <metrics statements="14" coveredstatements="11" conditionals="4" coveredconditionals="2" methods="4" coveredmethods="3"/>
        <line num="8" count="14" type="stmt"/>
        <line num="17" count="10" type="stmt"/>
        <line num="19" count="10" type="stmt"/>
        <line num="20" count="10" type="stmt"/>
        <line num="22" count="1" type="cond" truecount="1" falsecount="1"/>
        <line num="23" count="0" type="stmt"/>
        <line num="25" count="1" type="stmt"/>
        <line num="28" count="10" type="stmt"/>
        <line num="38" count="26" type="cond" truecount="1" falsecount="1"/>
        <line num="39" count="26" type="stmt"/>
        <line num="48" count="0" type="stmt"/>
        <line num="51" count="0" type="stmt"/>
        <line num="75" count="14" type="stmt"/>
        <line num="84" count="14" type="stmt"/>
      </file>
    </package>
    <package name="src.components.CustomGrid">
      <metrics statements="8" coveredstatements="8" conditionals="0" coveredconditionals="0" methods="2" coveredmethods="2"/>
      <file name="GridContainer.jsx" path="/Users/obaga/Desktop/Centauri/ah-centauri-frontend/src/components/CustomGrid/GridContainer.jsx">
        <metrics statements="4" coveredstatements="4" conditionals="0" coveredconditionals="0" methods="1" coveredmethods="1"/>
        <line num="8" count="1" type="stmt"/>
        <line num="9" count="1" type="stmt"/>
        <line num="18" count="11" type="stmt"/>
        <line num="23" count="11" type="stmt"/>
      </file>
      <file name="GridItem.jsx" path="/Users/obaga/Desktop/Centauri/ah-centauri-frontend/src/components/CustomGrid/GridItem.jsx">
        <metrics statements="4" coveredstatements="4" conditionals="0" coveredconditionals="0" methods="1" coveredmethods="1"/>
        <line num="7" count="4" type="stmt"/>
        <line num="8" count="4" type="stmt"/>
        <line num="15" count="11" type="stmt"/>
        <line num="20" count="11" type="stmt"/>
      </file>
    </package>
    <package name="src.components.CustomSearch">
      <metrics statements="7" coveredstatements="0" conditionals="0" coveredconditionals="0" methods="4" coveredmethods="0"/>
      <file name="CustomSearch.jsx" path="/Users/obaga/Desktop/Centauri/ah-centauri-frontend/src/components/CustomSearch/CustomSearch.jsx">
        <metrics statements="7" coveredstatements="0" conditionals="0" coveredconditionals="0" methods="4" coveredmethods="0"/>
        <line num="7" count="0" type="stmt"/>
        <line num="8" count="0" type="stmt"/>
        <line num="14" count="0" type="stmt"/>
        <line num="20" count="0" type="stmt"/>
        <line num="21" count="0" type="stmt"/>
        <line num="25" count="0" type="stmt"/>
        <line num="27" count="0" type="stmt"/>
      </file>
    </package>
    <package name="src.components.Profile">
      <metrics statements="9" coveredstatements="9" conditionals="4" coveredconditionals="3" methods="2" coveredmethods="2"/>
      <file name="Avatar.js" path="/Users/obaga/Desktop/Centauri/ah-centauri-frontend/src/components/Profile/Avatar.js">
        <metrics statements="5" coveredstatements="5" conditionals="4" coveredconditionals="3" methods="1" coveredmethods="1"/>
        <line num="10" count="2" type="stmt"/>
        <line num="11" count="2" type="cond" truecount="1" falsecount="1"/>
        <line num="12" count="2" type="stmt"/>
        <line num="23" count="3" type="stmt"/>
        <line num="34" count="3" type="stmt"/>
      </file>
      <file name="CountLabel.js" path="/Users/obaga/Desktop/Centauri/ah-centauri-frontend/src/components/Profile/CountLabel.js">
        <metrics statements="4" coveredstatements="4" conditionals="0" coveredconditionals="0" methods="1" coveredmethods="1"/>
        <line num="8" count="1" type="stmt"/>
        <line num="10" count="1" type="stmt"/>
        <line num="19" count="3" type="stmt"/>
        <line num="25" count="3" type="stmt"/>
      </file>
    </package>
    <package name="src.components.Search">
      <metrics statements="13" coveredstatements="5" conditionals="0" coveredconditionals="0" methods="6" coveredmethods="3"/>
      <file name="Search.jsx" path="/Users/obaga/Desktop/Centauri/ah-centauri-frontend/src/components/Search/Search.jsx">
        <metrics statements="12" coveredstatements="4" conditionals="0" coveredconditionals="0" methods="5" coveredmethods="2"/>
        <line num="6" count="1" type="stmt"/>
        <line num="7" count="1" type="stmt"/>
        <line num="14" count="0" type="stmt"/>
        <line num="20" count="0" type="stmt"/>
        <line num="21" count="0" type="stmt"/>
        <line num="22" count="0" type="stmt"/>
        <line num="23" count="0" type="stmt"/>
        <line num="24" count="0" type="stmt"/>
        <line num="30" count="0" type="stmt"/>
        <line num="31" count="0" type="stmt"/>
        <line num="35" count="1" type="stmt"/>
        <line num="37" count="1" type="stmt"/>
      </file>
      <file name="SearchModal.jsx" path="/Users/obaga/Desktop/Centauri/ah-centauri-frontend/src/components/Search/SearchModal.jsx">
        <metrics statements="1" coveredstatements="1" conditionals="0" coveredconditionals="0" methods="1" coveredmethods="1"/>
        <line num="6" count="1" type="stmt"/>
      </file>
    </package>
    <package name="src.components.SocialShareLinks">
      <metrics statements="8" coveredstatements="8" conditionals="0" coveredconditionals="0" methods="2" coveredmethods="2"/>
      <file name="SocialShareLinks.js" path="/Users/obaga/Desktop/Centauri/ah-centauri-frontend/src/components/SocialShareLinks/SocialShareLinks.js">
        <metrics statements="5" coveredstatements="5" conditionals="0" coveredconditionals="0" methods="1" coveredmethods="1"/>
        <line num="5" count="7" type="stmt"/>
        <line num="6" count="1" type="stmt"/>
        <line num="7" count="1" type="stmt"/>
        <line num="16" count="7" type="stmt"/>
        <line num="20" count="7" type="stmt"/>
      </file>
      <file name="SocialShareLinksVertical.js" path="/Users/obaga/Desktop/Centauri/ah-centauri-frontend/src/components/SocialShareLinks/SocialShareLinksVertical.js">
        <metrics statements="3" coveredstatements="3" conditionals="0" coveredconditionals="0" methods="1" coveredmethods="1"/>
        <line num="3" count="4" type="stmt"/>
        <line num="4" count="1" type="stmt"/>
        <line num="6" count="1" type="stmt"/>
      </file>
    </package>
    <package name="src.components.VerifyEmail">
      <metrics statements="7" coveredstatements="7" conditionals="0" coveredconditionals="0" methods="2" coveredmethods="1"/>
      <file name="VerifyEmail.jsx" path="/Users/obaga/Desktop/Centauri/ah-centauri-frontend/src/components/VerifyEmail/VerifyEmail.jsx">
        <metrics statements="7" coveredstatements="7" conditionals="0" coveredconditionals="0" methods="2" coveredmethods="1"/>
        <line num="7" count="1" type="stmt"/>
        <line num="8" count="1" type="stmt"/>
        <line num="10" count="1" type="stmt"/>
        <line num="11" count="1" type="stmt"/>
        <line num="13" count="1" type="stmt"/>
        <line num="16" count="2" type="stmt"/>
        <line num="21" count="2" type="stmt"/>
      </file>
    </package>
    <package name="src.components.layout">
      <metrics statements="21" coveredstatements="19" conditionals="12" coveredconditionals="9" methods="12" coveredmethods="11"/>
      <file name="Footer.js" path="/Users/obaga/Desktop/Centauri/ah-centauri-frontend/src/components/layout/Footer.js">
        <metrics statements="2" coveredstatements="2" conditionals="0" coveredconditionals="0" methods="1" coveredmethods="1"/>
        <line num="12" count="11" type="stmt"/>
        <line num="13" count="1" type="stmt"/>
      </file>
      <file name="HeaderLayout.js" path="/Users/obaga/Desktop/Centauri/ah-centauri-frontend/src/components/layout/HeaderLayout.js">
        <metrics statements="15" coveredstatements="13" conditionals="12" coveredconditionals="9" methods="10" coveredmethods="9"/>
        <line num="16" count="2" type="stmt"/>
        <line num="17" count="2" type="stmt"/>
        <line num="27" count="6" type="cond" truecount="4" falsecount="2"/>
        <line num="31" count="6" type="stmt"/>
        <line num="38" count="0" type="stmt"/>
        <line num="43" count="2" type="stmt"/>
        <line num="47" count="0" type="stmt"/>
        <line num="51" count="1" type="stmt"/>
        <line num="57" count="1" type="stmt"/>
        <line num="63" count="6" type="stmt"/>
        <line num="64" count="6" type="stmt"/>
        <line num="67" count="6" type="stmt"/>
        <line num="153" count="12" type="stmt"/>
        <line num="162" count="12" type="stmt"/>
        <line num="174" count="12" type="stmt"/>
      </file>
      <file name="SideBar.js" path="/Users/obaga/Desktop/Centauri/ah-centauri-frontend/src/components/layout/SideBar.js">
        <metrics statements="4" coveredstatements="4" conditionals="0" coveredconditionals="0" methods="1" coveredmethods="1"/>
        <line num="6" count="4" type="stmt"/>
        <line num="7" count="1" type="stmt"/>
        <line num="23" count="4" type="stmt"/>
        <line num="27" count="4" type="stmt"/>
      </file>
    </package>
    <package name="src.components.layout.login">
      <metrics statements="3" coveredstatements="3" conditionals="0" coveredconditionals="0" methods="1" coveredmethods="1"/>
      <file name="socialAuth.js" path="/Users/obaga/Desktop/Centauri/ah-centauri-frontend/src/components/layout/login/socialAuth.js">
        <metrics statements="3" coveredstatements="3" conditionals="0" coveredconditionals="0" methods="1" coveredmethods="1"/>
        <line num="4" count="14" type="stmt"/>
        <line num="5" count="10" type="stmt"/>
        <line num="6" count="10" type="stmt"/>
      </file>
    </package>
    <package name="src.components.like">
      <metrics statements="21" coveredstatements="2" conditionals="12" coveredconditionals="0" methods="7" coveredmethods="0"/>
      <file name="like.jsx" path="/Users/obaga/Desktop/Centauri/ah-centauri-frontend/src/components/like/like.jsx">
        <metrics statements="21" coveredstatements="2" conditionals="12" coveredconditionals="0" methods="7" coveredmethods="0"/>
        <line num="11" count="0" type="stmt"/>
        <line num="12" count="0" type="stmt"/>
        <line num="13" count="0" type="stmt"/>
        <line num="20" count="0" type="cond" truecount="0" falsecount="4"/>
        <line num="21" count="0" type="stmt"/>
        <line num="26" count="0" type="stmt"/>
        <line num="30" count="0" type="stmt"/>
        <line num="31" count="0" type="cond" truecount="0" falsecount="4"/>
        <line num="32" count="0" type="stmt"/>
        <line num="33" count="0" type="stmt"/>
        <line num="38" count="0" type="stmt"/>
        <line num="39" count="0" type="stmt"/>
        <line num="40" count="0" type="stmt"/>
        <line num="41" count="0" type="stmt"/>
        <line num="45" count="0" type="stmt"/>
        <line num="46" count="0" type="stmt"/>
        <line num="47" count="0" type="stmt"/>
        <line num="51" count="0" type="stmt"/>
        <line num="52" count="0" type="stmt"/>
        <line num="94" count="3" type="stmt"/>
        <line num="98" count="3" type="stmt"/>
      </file>
    </package>
    <package name="src.components.resetPassword">
      <metrics statements="6" coveredstatements="3" conditionals="0" coveredconditionals="0" methods="2" coveredmethods="0"/>
      <file name="resetPasswordForm.jsx" path="/Users/obaga/Desktop/Centauri/ah-centauri-frontend/src/components/resetPassword/resetPasswordForm.jsx">
        <metrics statements="6" coveredstatements="3" conditionals="0" coveredconditionals="0" methods="2" coveredmethods="0"/>
        <line num="5" count="3" type="stmt"/>
        <line num="12" count="0" type="stmt"/>
        <line num="14" count="0" type="stmt"/>
        <line num="26" count="0" type="stmt"/>
        <line num="46" count="3" type="stmt"/>
        <line num="50" count="3" type="stmt"/>
      </file>
    </package>
    <package name="src.reducers">
      <metrics statements="46" coveredstatements="40" conditionals="38" coveredconditionals="33" methods="7" coveredmethods="6"/>
      <file name="articleRatingReducer.js" path="/Users/obaga/Desktop/Centauri/ah-centauri-frontend/src/reducers/articleRatingReducer.js">
        <metrics statements="6" coveredstatements="6" conditionals="4" coveredconditionals="4" methods="1" coveredmethods="1"/>
        <line num="3" count="2" type="stmt"/>
        <line num="11" count="10" type="cond" truecount="3" falsecount="0"/>
        <line num="13" count="1" type="stmt"/>
        <line num="20" count="1" type="stmt"/>
        <line num="22" count="1" type="stmt"/>
        <line num="29" count="8" type="stmt"/>
      </file>
      <file name="articlesReducer.js" path="/Users/obaga/Desktop/Centauri/ah-centauri-frontend/src/reducers/articlesReducer.js">
        <metrics statements="12" coveredstatements="10" conditionals="10" coveredconditionals="9" methods="2" coveredmethods="1"/>
        <line num="12" count="3" type="stmt"/>
        <line num="23" count="15" type="cond" truecount="8" falsecount="1"/>
        <line num="25" count="3" type="stmt"/>
        <line num="30" count="1" type="stmt"/>
        <line num="38" count="0" type="stmt"/>
        <line num="45" count="1" type="stmt"/>
        <line num="52" count="1" type="stmt"/>
        <line num="59" count="1" type="stmt"/>
        <line num="61" count="0" type="stmt"/>
        <line num="66" count="1" type="stmt"/>
        <line num="72" count="1" type="stmt"/>
        <line num="77" count="6" type="stmt"/>
      </file>
      <file name="authReducer.js" path="/Users/obaga/Desktop/Centauri/ah-centauri-frontend/src/reducers/authReducer.js">
        <metrics statements="7" coveredstatements="7" conditionals="6" coveredconditionals="6" methods="1" coveredmethods="1"/>
        <line num="9" count="3" type="stmt"/>
        <line num="17" count="12" type="cond" truecount="5" falsecount="0"/>
        <line num="19" count="3" type="stmt"/>
        <line num="24" count="1" type="stmt"/>
        <line num="32" count="1" type="stmt"/>
        <line num="39" count="1" type="stmt"/>
        <line num="45" count="6" type="stmt"/>
      </file>
      <file name="index.js" path="/Users/obaga/Desktop/Centauri/ah-centauri-frontend/src/reducers/index.js">
        <metrics statements="0" coveredstatements="0" conditionals="0" coveredconditionals="0" methods="0" coveredmethods="0"/>
      </file>
      <file name="likeReducers.js" path="/Users/obaga/Desktop/Centauri/ah-centauri-frontend/src/reducers/likeReducers.js">
        <metrics statements="7" coveredstatements="4" conditionals="6" coveredconditionals="3" methods="1" coveredmethods="1"/>
        <line num="8" count="29" type="stmt"/>
        <line num="17" count="7" type="cond" truecount="2" falsecount="3"/>
        <line num="19" count="2" type="stmt"/>
        <line num="24" count="0" type="stmt"/>
        <line num="33" count="0" type="stmt"/>
        <line num="41" count="0" type="stmt"/>
        <line num="48" count="5" type="stmt"/>
      </file>
      <file name="profileReducer.js" path="/Users/obaga/Desktop/Centauri/ah-centauri-frontend/src/reducers/profileReducer.js">
        <metrics statements="9" coveredstatements="8" conditionals="8" coveredconditionals="7" methods="1" coveredmethods="1"/>
        <line num="10" count="3" type="stmt"/>
        <line num="18" count="12" type="cond" truecount="6" falsecount="1"/>
        <line num="20" count="2" type="stmt"/>
        <line num="26" count="1" type="stmt"/>
        <line num="37" count="1" type="stmt"/>
        <line num="46" count="1" type="stmt"/>
        <line num="57" count="1" type="stmt"/>
        <line num="64" count="0" type="stmt"/>
        <line num="69" count="6" type="stmt"/>
      </file>
      <file name="resetReducer.js" path="/Users/obaga/Desktop/Centauri/ah-centauri-frontend/src/reducers/resetReducer.js">
        <metrics statements="5" coveredstatements="5" conditionals="4" coveredconditionals="4" methods="1" coveredmethods="1"/>
        <line num="3" count="3" type="stmt"/>
        <line num="10" count="10" type="cond" truecount="3" falsecount="0"/>
        <line num="12" count="1" type="stmt"/>
        <line num="18" count="1" type="stmt"/>
        <line num="24" count="8" type="stmt"/>
      </file>
    </package>
    <package name="src.routes">
      <metrics statements="1" coveredstatements="1" conditionals="0" coveredconditionals="0" methods="0" coveredmethods="0"/>
      <file name="index.js" path="/Users/obaga/Desktop/Centauri/ah-centauri-frontend/src/routes/index.js">
        <metrics statements="1" coveredstatements="1" conditionals="0" coveredconditionals="0" methods="0" coveredmethods="0"/>
        <line num="14" count="1" type="stmt"/>
      </file>
    </package>
    <package name="src.services">
      <metrics statements="20" coveredstatements="17" conditionals="2" coveredconditionals="1" methods="18" coveredmethods="15"/>
      <file name="Api.js" path="/Users/obaga/Desktop/Centauri/ah-centauri-frontend/src/services/Api.js">
        <metrics statements="20" coveredstatements="17" conditionals="2" coveredconditionals="1" methods="18" coveredmethods="15"/>
        <line num="4" count="29" type="stmt"/>
        <line num="6" count="29" type="cond" truecount="1" falsecount="1"/>
        <line num="9" count="29" type="stmt"/>
        <line num="11" count="3" type="stmt"/>
        <line num="12" count="3" type="stmt"/>
        <line num="13" count="1" type="stmt"/>
        <line num="14" count="4" type="stmt"/>
        <line num="15" count="4" type="stmt"/>
        <line num="16" count="1" type="stmt"/>
        <line num="19" count="6" type="stmt"/>
        <line num="20" count="4" type="stmt"/>
        <line num="23" count="2" type="stmt"/>
        <line num="24" count="1" type="stmt"/>
        <line num="25" count="1" type="stmt"/>
        <line num="26" count="1" type="stmt"/>
        <line num="27" count="1" type="stmt"/>
        <line num="28" count="1" type="stmt"/>
        <line num="29" count="0" type="stmt"/>
        <line num="30" count="0" type="stmt"/>
        <line num="31" count="0" type="stmt"/>
      </file>
    </package>
    <package name="src.store">
      <metrics statements="3" coveredstatements="2" conditionals="2" coveredconditionals="1" methods="0" coveredmethods="0"/>
      <file name="index.js" path="/Users/obaga/Desktop/Centauri/ah-centauri-frontend/src/store/index.js">
        <metrics statements="3" coveredstatements="2" conditionals="2" coveredconditionals="1" methods="0" coveredmethods="0"/>
        <line num="12" count="1" type="stmt"/>
        <line num="14" count="1" type="cond" truecount="1" falsecount="1"/>
        <line num="16" count="0" type="stmt"/>
      </file>
    </package>
    <package name="src.utils">
      <metrics statements="37" coveredstatements="29" conditionals="32" coveredconditionals="25" methods="10" coveredmethods="7"/>
      <file name="emailVerification.js" path="/Users/obaga/Desktop/Centauri/ah-centauri-frontend/src/utils/emailVerification.js">
        <metrics statements="4" coveredstatements="4" conditionals="0" coveredconditionals="0" methods="1" coveredmethods="1"/>
        <line num="2" count="2" type="stmt"/>
        <line num="3" count="2" type="stmt"/>
        <line num="4" count="2" type="stmt"/>
        <line num="6" count="2" type="stmt"/>
      </file>
      <file name="errorMessage.js" path="/Users/obaga/Desktop/Centauri/ah-centauri-frontend/src/utils/errorMessage.js">
        <metrics statements="16" coveredstatements="16" conditionals="18" coveredconditionals="16" methods="2" coveredmethods="2"/>
        <line num="3" count="9" type="stmt"/>
        <line num="5" count="9" type="stmt"/>
        <line num="6" count="22" type="stmt"/>
        <line num="8" count="9" type="stmt"/>
        <line num="13" count="9" type="stmt"/>
        <line num="16" count="11" type="cond" truecount="2" falsecount="0"/>
        <line num="23" count="7" type="cond" truecount="4" falsecount="0"/>
        <line num="25" count="3" type="stmt"/>
        <line num="29" count="5" type="cond" truecount="2" falsecount="0"/>
        <line num="30" count="3" type="stmt"/>
        <line num="34" count="3" type="stmt"/>
        <line num="37" count="2" type="stmt"/>
        <line num="41" count="4" type="cond" truecount="3" falsecount="1"/>
        <line num="44" count="4" type="stmt"/>
        <line num="49" count="4" type="stmt"/>
        <line num="52" count="9" type="stmt"/>
      </file>
      <file name="getInitialUserData.js" path="/Users/obaga/Desktop/Centauri/ah-centauri-frontend/src/utils/getInitialUserData.js">
        <metrics statements="10" coveredstatements="2" conditionals="6" coveredconditionals="1" methods="4" coveredmethods="1"/>
        <line num="6" count="1" type="stmt"/>
        <line num="7" count="0" type="stmt"/>
        <line num="8" count="0" type="stmt"/>
        <line num="10" count="0" type="stmt"/>
        <line num="13" count="0" type="cond" truecount="0" falsecount="4"/>
        <line num="14" count="0" type="stmt"/>
        <line num="15" count="0" type="stmt"/>
        <line num="17" count="0" type="stmt"/>
        <line num="23" count="1" type="cond" truecount="1" falsecount="1"/>
        <line num="24" count="0" type="stmt"/>
      </file>
      <file name="is_empty.js" path="/Users/obaga/Desktop/Centauri/ah-centauri-frontend/src/utils/is_empty.js">
        <metrics statements="1" coveredstatements="1" conditionals="6" coveredconditionals="6" methods="1" coveredmethods="1"/>
        <line num="1" count="45" type="cond" truecount="6" falsecount="0"/>
      </file>
      <file name="profile.constants.js" path="/Users/obaga/Desktop/Centauri/ah-centauri-frontend/src/utils/profile.constants.js">
        <metrics statements="2" coveredstatements="2" conditionals="0" coveredconditionals="0" methods="1" coveredmethods="1"/>
        <line num="1" count="2" type="stmt"/>
        <line num="248" count="488" type="stmt"/>
      </file>
      <file name="setAuthToken.js" path="/Users/obaga/Desktop/Centauri/ah-centauri-frontend/src/utils/setAuthToken.js">
        <metrics statements="4" coveredstatements="4" conditionals="2" coveredconditionals="2" methods="1" coveredmethods="1"/>
        <line num="4" count="2" type="stmt"/>
        <line num="5" count="2" type="cond" truecount="2" falsecount="0"/>
        <line num="7" count="1" type="stmt"/>
        <line num="10" count="1" type="stmt"/>
      </file>
    </package>
    <package name="src.views.ArticlesPage">
      <metrics statements="85" coveredstatements="79" conditionals="20" coveredconditionals="18" methods="28" coveredmethods="21"/>
      <file name="ArticlesDescription.js" path="/Users/obaga/Desktop/Centauri/ah-centauri-frontend/src/views/ArticlesPage/ArticlesDescription.js">
        <metrics statements="13" coveredstatements="13" conditionals="4" coveredconditionals="4" methods="5" coveredmethods="4"/>
        <line num="16" count="1" type="stmt"/>
        <line num="17" count="1" type="stmt"/>
        <line num="24" count="1" type="stmt"/>
        <line num="25" count="1" type="stmt"/>
        <line num="26" count="1" type="stmt"/>
        <line num="30" count="3" type="cond" truecount="4" falsecount="0"/>
        <line num="32" count="2" type="stmt"/>
        <line num="37" count="1" type="stmt"/>
        <line num="41" count="3" type="stmt"/>
        <line num="43" count="3" type="stmt"/>
        <line num="60" count="2" type="stmt"/>
        <line num="65" count="2" type="stmt"/>
        <line num="72" count="2" type="stmt"/>
      </file>
      <file name="ArticlesPage.js" path="/Users/obaga/Desktop/Centauri/ah-centauri-frontend/src/views/ArticlesPage/ArticlesPage.js">
        <metrics statements="6" coveredstatements="0" conditionals="0" coveredconditionals="0" methods="3" coveredmethods="0"/>
        <line num="12" count="0" type="stmt"/>
        <line num="16" count="0" type="stmt"/>
        <line num="18" count="0" type="stmt"/>
        <line num="61" count="0" type="stmt"/>
        <line num="67" count="0" type="stmt"/>
        <line num="71" count="0" type="stmt"/>
      </file>
      <file name="CreateArticlesPage.jsx" path="/Users/obaga/Desktop/Centauri/ah-centauri-frontend/src/views/ArticlesPage/CreateArticlesPage.jsx">
        <metrics statements="28" coveredstatements="28" conditionals="10" coveredconditionals="9" methods="8" coveredmethods="7"/>
        <line num="18" count="1" type="stmt"/>
        <line num="19" count="1" type="stmt"/>
        <line num="20" count="1" type="stmt"/>
        <line num="21" count="1" type="stmt"/>
        <line num="22" count="1" type="stmt"/>
        <line num="23" count="1" type="stmt"/>
        <line num="34" count="6" type="cond" truecount="4" falsecount="0"/>
        <line num="36" count="2" type="stmt"/>
        <line num="42" count="4" type="stmt"/>
        <line num="47" count="1" type="stmt"/>
        <line num="53" count="2" type="stmt"/>
        <line num="59" count="1" type="stmt"/>
        <line num="66" count="1" type="stmt"/>
        <line num="68" count="1" type="stmt"/>
        <line num="69" count="1" type="stmt"/>
        <line num="70" count="1" type="cond" truecount="1" falsecount="1"/>
        <line num="71" count="1" type="stmt"/>
        <line num="73" count="1" type="stmt"/>
        <line num="75" count="1" type="stmt"/>
        <line num="88" count="6" type="stmt"/>
        <line num="90" count="6" type="stmt"/>
        <line num="91" count="6" type="cond" truecount="2" falsecount="0"/>
        <line num="92" count="5" type="stmt"/>
        <line num="93" count="5" type="stmt"/>
        <line num="97" count="6" type="stmt"/>
        <line num="178" count="2" type="stmt"/>
        <line num="183" count="2" type="stmt"/>
        <line num="190" count="2" type="stmt"/>
      </file>
      <file name="MyArticlesDraftPage.jsx" path="/Users/obaga/Desktop/Centauri/ah-centauri-frontend/src/views/ArticlesPage/MyArticlesDraftPage.jsx">
        <metrics statements="6" coveredstatements="6" conditionals="0" coveredconditionals="0" methods="3" coveredmethods="2"/>
        <line num="12" count="1" type="stmt"/>
        <line num="17" count="1" type="stmt"/>
        <line num="19" count="1" type="stmt"/>
        <line num="46" count="2" type="stmt"/>
        <line num="51" count="2" type="stmt"/>
        <line num="57" count="2" type="stmt"/>
      </file>
      <file name="UpdateArticlesPage.jsx" path="/Users/obaga/Desktop/Centauri/ah-centauri-frontend/src/views/ArticlesPage/UpdateArticlesPage.jsx">
        <metrics statements="32" coveredstatements="32" conditionals="6" coveredconditionals="5" methods="9" coveredmethods="8"/>
        <line num="22" count="1" type="stmt"/>
        <line num="23" count="1" type="stmt"/>
        <line num="34" count="1" type="stmt"/>
        <line num="36" count="1" type="stmt"/>
        <line num="40" count="1" type="stmt"/>
        <line num="41" count="1" type="stmt"/>
        <line num="42" count="1" type="stmt"/>
        <line num="43" count="1" type="stmt"/>
        <line num="44" count="1" type="stmt"/>
        <line num="45" count="1" type="stmt"/>
        <line num="46" count="1" type="stmt"/>
        <line num="47" count="1" type="stmt"/>
        <line num="49" count="1" type="stmt"/>
        <line num="62" count="1" type="stmt"/>
        <line num="68" count="2" type="stmt"/>
        <line num="74" count="1" type="stmt"/>
        <line num="81" count="1" type="stmt"/>
        <line num="82" count="1" type="stmt"/>
        <line num="84" count="1" type="stmt"/>
        <line num="85" count="1" type="stmt"/>
        <line num="86" count="1" type="cond" truecount="1" falsecount="1"/>
        <line num="87" count="1" type="stmt"/>
        <line num="90" count="1" type="stmt"/>
        <line num="102" count="7" type="stmt"/>
        <line num="104" count="7" type="stmt"/>
        <line num="105" count="7" type="cond" truecount="2" falsecount="0"/>
        <line num="106" count="1" type="stmt"/>
        <line num="107" count="1" type="stmt"/>
        <line num="111" count="7" type="stmt"/>
        <line num="192" count="2" type="stmt"/>
        <line num="198" count="2" type="stmt"/>
        <line num="207" count="2" type="stmt"/>
      </file>
    </package>
    <package name="src.views.CreateArticlesPage">
      <metrics statements="1" coveredstatements="0" conditionals="0" coveredconditionals="0" methods="1" coveredmethods="0"/>
      <file name="CreateArticlesPage.jsx" path="/Users/obaga/Desktop/Centauri/ah-centauri-frontend/src/views/CreateArticlesPage/CreateArticlesPage.jsx">
        <metrics statements="1" coveredstatements="0" conditionals="0" coveredconditionals="0" methods="1" coveredmethods="0"/>
        <line num="9" count="0" type="stmt"/>
      </file>
    </package>
    <package name="src.views.HomePage">
      <metrics statements="10" coveredstatements="7" conditionals="2" coveredconditionals="0" methods="5" coveredmethods="3"/>
      <file name="Homepage.js" path="/Users/obaga/Desktop/Centauri/ah-centauri-frontend/src/views/HomePage/Homepage.js">
        <metrics statements="10" coveredstatements="7" conditionals="2" coveredconditionals="0" methods="5" coveredmethods="3"/>
        <line num="15" count="2" type="stmt"/>
        <line num="20" count="0" type="cond" truecount="0" falsecount="2"/>
        <line num="21" count="0" type="stmt"/>
        <line num="27" count="0" type="stmt"/>
        <line num="31" count="2" type="stmt"/>
        <line num="33" count="2" type="stmt"/>
        <line num="60" count="3" type="stmt"/>
        <line num="64" count="3" type="stmt"/>
        <line num="72" count="3" type="stmt"/>
        <line num="83" count="3" type="stmt"/>
      </file>
    </package>
    <package name="src.views.Login">
      <metrics statements="14" coveredstatements="14" conditionals="10" coveredconditionals="7" methods="6" coveredmethods="6"/>
      <file name="Login.js" path="/Users/obaga/Desktop/Centauri/ah-centauri-frontend/src/views/Login/Login.js">
        <metrics statements="14" coveredstatements="14" conditionals="10" coveredconditionals="7" methods="6" coveredmethods="6"/>
        <line num="17" count="2" type="stmt"/>
        <line num="18" count="2" type="stmt"/>
        <line num="26" count="4" type="cond" truecount="4" falsecount="0"/>
        <line num="29" count="2" type="stmt"/>
        <line num="34" count="2" type="stmt"/>
        <line num="38" count="2" type="stmt"/>
        <line num="44" count="1" type="stmt"/>
        <line num="46" count="1" type="stmt"/>
        <line num="54" count="4" type="stmt"/>
        <line num="56" count="4" type="stmt"/>
        <line num="58" count="4" type="cond" truecount="1" falsecount="1"/>
        <line num="101" count="13" type="stmt"/>
        <line num="105" count="13" type="stmt"/>
        <line num="117" count="13" type="stmt"/>
      </file>
    </package>
    <package name="src.views.NotFoundPage">
      <metrics statements="2" coveredstatements="2" conditionals="0" coveredconditionals="0" methods="1" coveredmethods="1"/>
      <file name="NotFoundPage.jsx" path="/Users/obaga/Desktop/Centauri/ah-centauri-frontend/src/views/NotFoundPage/NotFoundPage.jsx">
        <metrics statements="2" coveredstatements="2" conditionals="0" coveredconditionals="0" methods="1" coveredmethods="1"/>
        <line num="6" count="2" type="stmt"/>
        <line num="7" count="1" type="stmt"/>
      </file>
    </package>
    <package name="src.views.ProfilePage">
      <metrics statements="30" coveredstatements="22" conditionals="26" coveredconditionals="19" methods="14" coveredmethods="7"/>
      <file name="ProfilePage.js" path="/Users/obaga/Desktop/Centauri/ah-centauri-frontend/src/views/ProfilePage/ProfilePage.js">
        <metrics statements="30" coveredstatements="22" conditionals="26" coveredconditionals="19" methods="14" coveredmethods="7"/>
        <line num="18" count="7" type="stmt"/>
        <line num="19" count="7" type="stmt"/>
        <line num="34" count="7" type="stmt"/>
        <line num="39" count="7" type="stmt"/>
        <line num="43" count="0" type="stmt"/>
        <line num="44" count="0" type="stmt"/>
        <line num="51" count="0" type="stmt"/>
        <line num="55" count="3" type="stmt"/>
        <line num="61" count="11" type="stmt"/>
        <line num="62" count="0" type="cond" truecount="0" falsecount="4"/>
        <line num="63" count="0" type="stmt"/>
        <line num="71" count="2" type="stmt"/>
        <line num="74" count="2" type="stmt"/>
        <line num="75" count="2" type="stmt"/>
        <line num="89" count="10" type="stmt"/>
        <line num="90" count="10" type="stmt"/>
        <line num="102" count="10" type="stmt"/>
        <line num="104" count="20" type="stmt"/>
        <line num="113" count="10" type="stmt"/>
        <line num="198" count="10" type="stmt"/>
        <line num="209" count="10" type="stmt"/>
        <line num="210" count="0" type="stmt"/>
        <line num="211" count="0" type="stmt"/>
        <line num="212" count="0" type="stmt"/>
        <line num="214" count="10" type="cond" truecount="2" falsecount="0"/>
        <line num="215" count="2" type="stmt"/>
        <line num="249" count="8" type="stmt"/>
        <line num="265" count="2" type="stmt"/>
        <line num="282" count="2" type="stmt"/>
        <line num="312" count="2" type="stmt"/>
      </file>
    </package>
    <package name="src.views.RegisterPage">
      <metrics statements="14" coveredstatements="14" conditionals="14" coveredconditionals="12" methods="6" coveredmethods="6"/>
      <file name="RegisterPage.js" path="/Users/obaga/Desktop/Centauri/ah-centauri-frontend/src/views/RegisterPage/RegisterPage.js">
        <metrics statements="14" coveredstatements="14" conditionals="14" coveredconditionals="12" methods="6" coveredmethods="6"/>
        <line num="22" count="2" type="stmt"/>
        <line num="23" count="2" type="stmt"/>
        <line num="32" count="6" type="cond" truecount="4" falsecount="0"/>
        <line num="35" count="3" type="stmt"/>
        <line num="39" count="3" type="stmt"/>
        <line num="43" count="3" type="stmt"/>
        <line num="49" count="1" type="stmt"/>
        <line num="51" count="1" type="stmt"/>
        <line num="57" count="6" type="stmt"/>
        <line num="60" count="6" type="stmt"/>
        <line num="62" count="6" type="cond" truecount="1" falsecount="1"/>
        <line num="121" count="13" type="stmt"/>
        <line num="125" count="13" type="stmt"/>
        <line num="137" count="13" type="stmt"/>
      </file>
    </package>
    <package name="src.views.ResetPassword">
      <metrics statements="30" coveredstatements="30" conditionals="10" coveredconditionals="10" methods="13" coveredmethods="13"/>
      <file name="ResetPassword.js" path="/Users/obaga/Desktop/Centauri/ah-centauri-frontend/src/views/ResetPassword/ResetPassword.js">
        <metrics statements="16" coveredstatements="16" conditionals="5" coveredconditionals="5" methods="7" coveredmethods="7"/>
        <line num="12" count="1" type="stmt"/>
        <line num="13" count="1" type="stmt"/>
        <line num="24" count="4" type="cond" truecount="5" falsecount="0"/>
        <line num="27" count="2" type="stmt"/>
        <line num="33" count="2" type="stmt"/>
        <line num="37" count="1" type="stmt"/>
        <line num="41" count="2" type="stmt"/>
        <line num="45" count="1" type="stmt"/>
        <line num="46" count="1" type="stmt"/>
        <line num="52" count="1" type="stmt"/>
        <line num="56" count="1" type="stmt"/>
        <line num="62" count="4" type="stmt"/>
        <line num="63" count="4" type="stmt"/>
        <line num="96" count="2" type="stmt"/>
        <line num="104" count="2" type="stmt"/>
        <line num="114" count="2" type="stmt"/>
      </file>
      <file name="ResetPasswordLink.js" path="/Users/obaga/Desktop/Centauri/ah-centauri-frontend/src/views/ResetPassword/ResetPasswordLink.js">
        <metrics statements="14" coveredstatements="14" conditionals="5" coveredconditionals="5" methods="6" coveredmethods="6"/>
        <line num="12" count="1" type="stmt"/>
        <line num="13" count="1" type="stmt"/>
        <line num="22" count="3" type="cond" truecount="5" falsecount="0"/>
        <line num="25" count="2" type="stmt"/>
        <line num="31" count="1" type="stmt"/>
        <line num="35" count="1" type="stmt"/>
        <line num="39" count="1" type="stmt"/>
        <line num="40" count="1" type="stmt"/>
        <line num="45" count="1" type="stmt"/>
        <line num="51" count="3" type="stmt"/>
        <line num="52" count="3" type="stmt"/>
        <line num="78" count="2" type="stmt"/>
        <line num="86" count="2" type="stmt"/>
        <line num="97" count="2" type="stmt"/>
      </file>
    </package>
  </project>
</coverage>
