TN:
SF:/Users/alphanganga/WebstormProjects/ah-centauri-frontend/src/App.js
FN:12,(anonymous_0)
FN:18,(anonymous_1)
FNF:2
FNH:2
FNDA:1,(anonymous_0)
FNDA:11,(anonymous_1)
DA:12,1
DA:13,1
DA:19,11
LF:3
LH:3
BRF:0
BRH:0
end_of_record
TN:
SF:/Users/alphanganga/WebstormProjects/ah-centauri-frontend/src/firebase.js
FNF:0
FNH:0
DA:4,9
DA:14,9
DA:16,9
DA:17,9
DA:18,9
DA:19,9
LF:6
LH:6
BRF:0
BRH:0
end_of_record
TN:
SF:/Users/alphanganga/WebstormProjects/ah-centauri-frontend/src/index.js
FNF:0
FNH:0
DA:12,0
DA:17,0
LF:2
LH:0
BRF:0
BRH:0
end_of_record
TN:
SF:/Users/alphanganga/WebstormProjects/ah-centauri-frontend/src/serviceWorker.js
FN:23,register
FN:34,(anonymous_1)
FN:43,(anonymous_2)
FN:58,registerValidSW
FN:61,(anonymous_4)
FN:62,(anonymous_5)
FN:67,(anonymous_6)
FN:98,(anonymous_7)
FN:103,checkValidServiceWorker
FN:106,(anonymous_9)
FN:114,(anonymous_10)
FN:115,(anonymous_11)
FN:125,(anonymous_12)
FN:132,unregister
FN:134,(anonymous_14)
FNF:15
FNH:0
FNDA:0,register
FNDA:0,(anonymous_1)
FNDA:0,(anonymous_2)
FNDA:0,registerValidSW
FNDA:0,(anonymous_4)
FNDA:0,(anonymous_5)
FNDA:0,(anonymous_6)
FNDA:0,(anonymous_7)
FNDA:0,checkValidServiceWorker
FNDA:0,(anonymous_9)
FNDA:0,(anonymous_10)
FNDA:0,(anonymous_11)
FNDA:0,(anonymous_12)
FNDA:0,unregister
FNDA:0,(anonymous_14)
DA:13,0
DA:24,0
DA:26,0
DA:27,0
DA:31,0
DA:34,0
DA:35,0
DA:37,0
DA:39,0
DA:43,0
DA:44,0
DA:52,0
DA:59,0
DA:62,0
DA:63,0
DA:64,0
DA:65,0
DA:67,0
DA:68,0
DA:69,0
DA:73,0
DA:79,0
DA:80,0
DA:87,0
DA:90,0
DA:91,0
DA:99,0
DA:105,0
DA:108,0
DA:109,0
DA:114,0
DA:115,0
DA:116,0
DA:122,0
DA:126,0
DA:133,0
DA:134,0
DA:135,0
LF:38
LH:0
BRDA:14,0,0,0
BRDA:14,0,1,0
BRDA:14,0,2,0
BRDA:24,1,0,0
BRDA:24,1,1,0
BRDA:24,2,0,0
BRDA:24,2,1,0
BRDA:27,3,0,0
BRDA:27,3,1,0
BRDA:37,4,0,0
BRDA:37,4,1,0
BRDA:64,5,0,0
BRDA:64,5,1,0
BRDA:68,6,0,0
BRDA:68,6,1,0
BRDA:69,7,0,0
BRDA:69,7,1,0
BRDA:79,8,0,0
BRDA:79,8,1,0
BRDA:79,9,0,0
BRDA:79,9,1,0
BRDA:90,10,0,0
BRDA:90,10,1,0
BRDA:90,11,0,0
BRDA:90,11,1,0
BRDA:109,12,0,0
BRDA:109,12,1,0
BRDA:110,13,0,0
BRDA:110,13,1,0
BRDA:110,13,2,0
BRDA:133,14,0,0
BRDA:133,14,1,0
BRF:32
BRH:0
end_of_record
TN:
SF:/Users/alphanganga/WebstormProjects/ah-centauri-frontend/src/actions/articlesActions.js
FN:11,(anonymous_0)
FN:15,(anonymous_1)
FN:20,(anonymous_2)
FN:25,(anonymous_3)
FN:31,(anonymous_4)
FN:36,(anonymous_5)
FN:41,(anonymous_6)
FN:41,(anonymous_7)
FN:42,(anonymous_8)
FN:44,(anonymous_9)
FN:49,(anonymous_10)
FN:49,(anonymous_11)
FN:50,(anonymous_12)
FN:52,(anonymous_13)
FN:57,(anonymous_14)
FN:57,(anonymous_15)
FN:58,(anonymous_16)
FN:61,(anonymous_17)
FN:65,(anonymous_18)
FN:65,(anonymous_19)
FN:66,(anonymous_20)
FN:69,(anonymous_21)
FN:76,(anonymous_22)
FN:76,(anonymous_23)
FN:77,(anonymous_24)
FN:79,(anonymous_25)
FN:83,(anonymous_26)
FN:83,(anonymous_27)
FN:84,(anonymous_28)
FN:86,(anonymous_29)
FNF:30
FNH:8
FNDA:1,(anonymous_0)
FNDA:1,(anonymous_1)
FNDA:1,(anonymous_2)
FNDA:1,(anonymous_3)
FNDA:1,(anonymous_4)
FNDA:1,(anonymous_5)
FNDA:1,(anonymous_6)
FNDA:1,(anonymous_7)
FNDA:0,(anonymous_8)
FNDA:0,(anonymous_9)
FNDA:0,(anonymous_10)
FNDA:0,(anonymous_11)
FNDA:0,(anonymous_12)
FNDA:0,(anonymous_13)
FNDA:0,(anonymous_14)
FNDA:0,(anonymous_15)
FNDA:0,(anonymous_16)
FNDA:0,(anonymous_17)
FNDA:0,(anonymous_18)
FNDA:0,(anonymous_19)
FNDA:0,(anonymous_20)
FNDA:0,(anonymous_21)
FNDA:0,(anonymous_22)
FNDA:0,(anonymous_23)
FNDA:0,(anonymous_24)
FNDA:0,(anonymous_25)
FNDA:0,(anonymous_26)
FNDA:0,(anonymous_27)
FNDA:0,(anonymous_28)
FNDA:0,(anonymous_29)
DA:11,8
DA:15,8
DA:20,8
DA:25,8
DA:31,8
DA:36,8
DA:41,8
DA:43,0
DA:45,0
DA:49,8
DA:51,0
DA:53,0
DA:54,0
DA:57,8
DA:59,0
DA:60,0
DA:62,0
DA:65,8
DA:67,0
DA:68,0
DA:70,0
DA:71,0
DA:73,0
DA:76,8
DA:78,0
DA:80,0
DA:83,8
DA:85,0
DA:87,0
LF:29
LH:12
BRDA:70,0,0,0
BRDA:70,0,1,0
BRF:2
BRH:0
end_of_record
TN:
SF:/Users/alphanganga/WebstormProjects/ah-centauri-frontend/src/actions/authActions.js
FN:9,(anonymous_0)
FN:14,(anonymous_1)
FN:19,(anonymous_2)
FN:28,(anonymous_3)
FN:35,(anonymous_4)
FN:35,(anonymous_5)
FN:38,(anonymous_6)
FN:41,(anonymous_7)
FN:47,(anonymous_8)
FN:47,(anonymous_9)
FN:50,(anonymous_10)
FN:53,(anonymous_11)
FNF:12
FNH:12
FNDA:13,(anonymous_0)
FNDA:7,(anonymous_1)
FNDA:7,(anonymous_2)
FNDA:2,(anonymous_3)
FNDA:2,(anonymous_4)
FNDA:2,(anonymous_5)
FNDA:1,(anonymous_6)
FNDA:1,(anonymous_7)
FNDA:2,(anonymous_8)
FNDA:2,(anonymous_9)
FNDA:1,(anonymous_10)
FNDA:1,(anonymous_11)
DA:9,15
DA:14,15
DA:19,15
DA:20,7
DA:22,7
DA:28,15
DA:29,2
DA:30,2
DA:35,15
DA:36,2
DA:37,2
DA:39,1
DA:42,1
DA:47,15
DA:48,2
DA:49,2
DA:51,1
DA:54,1
LF:18
LH:18
BRF:0
BRH:0
end_of_record
TN:
SF:/Users/alphanganga/WebstormProjects/ah-centauri-frontend/src/actions/emailVerification.js
FN:3,(anonymous_0)
FN:3,(anonymous_1)
FNF:2
FNH:0
FNDA:0,(anonymous_0)
FNDA:0,(anonymous_1)
DA:3,2
LF:1
LH:1
BRF:0
BRH:0
end_of_record
TN:
SF:/Users/alphanganga/WebstormProjects/ah-centauri-frontend/src/actions/profileActions.js
FN:11,successMessage
FN:15,failureMessage
FN:19,(anonymous_2)
FN:19,(anonymous_3)
FN:22,(anonymous_4)
FN:25,(anonymous_5)
FN:35,(anonymous_6)
FN:35,(anonymous_7)
FN:38,(anonymous_8)
FN:41,(anonymous_9)
FNF:10
FNH:10
FNDA:7,successMessage
FNDA:9,failureMessage
FNDA:11,(anonymous_2)
FNDA:4,(anonymous_3)
FNDA:1,(anonymous_4)
FNDA:2,(anonymous_5)
FNDA:5,(anonymous_6)
FNDA:3,(anonymous_7)
FNDA:1,(anonymous_8)
FNDA:2,(anonymous_9)
DA:12,7
DA:16,9
DA:19,11
DA:20,4
DA:21,4
DA:23,1
DA:26,2
DA:27,1
DA:28,1
DA:30,1
DA:35,10
DA:36,3
DA:37,3
DA:39,1
DA:42,2
DA:43,1
DA:44,1
DA:46,1
LF:18
LH:18
BRDA:11,0,0,3
BRDA:15,1,0,5
BRDA:26,2,0,1
BRDA:26,2,1,1
BRDA:26,3,0,2
BRDA:26,3,1,2
BRDA:42,4,0,1
BRDA:42,4,1,1
BRDA:42,5,0,2
BRDA:42,5,1,2
BRF:10
BRH:10
end_of_record
TN:
SF:/Users/alphanganga/WebstormProjects/ah-centauri-frontend/src/actions/resetActions.js
FN:7,(anonymous_0)
FN:14,(anonymous_1)
FN:21,(anonymous_2)
FN:21,(anonymous_3)
FN:23,(anonymous_4)
FN:26,(anonymous_5)
FN:36,(anonymous_6)
FN:36,(anonymous_7)
FN:38,(anonymous_8)
FN:41,(anonymous_9)
FNF:10
FNH:10
FNDA:10,(anonymous_0)
FNDA:6,(anonymous_1)
FNDA:3,(anonymous_2)
FNDA:3,(anonymous_3)
FNDA:1,(anonymous_4)
FNDA:2,(anonymous_5)
FNDA:3,(anonymous_6)
FNDA:3,(anonymous_7)
FNDA:1,(anonymous_8)
FNDA:2,(anonymous_9)
DA:7,5
DA:8,10
DA:14,5
DA:15,6
DA:21,5
DA:22,3
DA:24,1
DA:27,2
DA:28,2
DA:29,1
DA:31,1
DA:36,5
DA:37,3
DA:39,1
DA:42,2
DA:43,2
DA:44,1
DA:46,1
LF:18
LH:18
BRDA:28,0,0,1
BRDA:28,0,1,1
BRDA:43,1,0,1
BRDA:43,1,1,1
BRF:4
BRH:4
end_of_record
TN:
SF:/Users/alphanganga/WebstormProjects/ah-centauri-frontend/src/actions/socialAuthActions.js
FN:17,(anonymous_0)
FN:17,(anonymous_1)
FN:18,(anonymous_2)
FN:28,(anonymous_3)
FN:31,(anonymous_4)
FN:34,(anonymous_5)
FN:43,(anonymous_6)
FN:43,(anonymous_7)
FN:44,(anonymous_8)
FN:57,(anonymous_9)
FN:60,(anonymous_10)
FN:63,(anonymous_11)
FN:73,(anonymous_12)
FN:73,(anonymous_13)
FN:74,(anonymous_14)
FN:84,(anonymous_15)
FN:87,(anonymous_16)
FN:90,(anonymous_17)
FN:100,(anonymous_18)
FN:100,(anonymous_19)
FNF:20
FNH:0
FNDA:0,(anonymous_0)
FNDA:0,(anonymous_1)
FNDA:0,(anonymous_2)
FNDA:0,(anonymous_3)
FNDA:0,(anonymous_4)
FNDA:0,(anonymous_5)
FNDA:0,(anonymous_6)
FNDA:0,(anonymous_7)
FNDA:0,(anonymous_8)
FNDA:0,(anonymous_9)
FNDA:0,(anonymous_10)
FNDA:0,(anonymous_11)
FNDA:0,(anonymous_12)
FNDA:0,(anonymous_13)
FNDA:0,(anonymous_14)
FNDA:0,(anonymous_15)
FNDA:0,(anonymous_16)
FNDA:0,(anonymous_17)
FNDA:0,(anonymous_18)
FNDA:0,(anonymous_19)
DA:17,9
DA:20,0
DA:21,0
DA:22,0
DA:29,0
DA:32,0
DA:36,0
DA:43,9
DA:46,0
DA:47,0
DA:48,0
DA:58,0
DA:61,0
DA:65,0
DA:73,9
DA:76,0
DA:77,0
DA:78,0
DA:85,0
DA:88,0
DA:92,0
DA:100,9
DA:101,0
DA:102,0
LF:24
LH:4
BRF:0
BRH:0
end_of_record
TN:
SF:/Users/alphanganga/WebstormProjects/ah-centauri-frontend/src/actions/types.js
FNF:0
FNH:0
DA:1,22
DA:2,22
DA:3,22
DA:5,22
DA:7,22
DA:8,22
DA:9,22
DA:10,22
DA:12,22
DA:13,22
DA:16,22
DA:17,22
DA:18,22
DA:19,22
DA:20,22
LF:15
LH:15
BRF:0
BRH:0
end_of_record
TN:
SF:/Users/alphanganga/WebstormProjects/ah-centauri-frontend/src/components/CustomArticle/ArticleFeed.jsx
FN:5,(anonymous_0)
FN:5,(anonymous_1)
FNF:2
FNH:1
FNDA:2,(anonymous_0)
FNDA:0,(anonymous_1)
DA:5,3
DA:7,3
DA:11,3
LF:3
LH:3
BRF:0
BRH:0
end_of_record
TN:
SF:/Users/alphanganga/WebstormProjects/ah-centauri-frontend/src/components/CustomArticle/ArticleItem.jsx
FN:7,(anonymous_0)
FN:12,(anonymous_1)
FNF:2
FNH:2
FNDA:1,(anonymous_0)
FNDA:2,(anonymous_1)
DA:7,4
DA:8,1
DA:12,2
DA:140,4
LF:4
LH:4
BRF:0
BRH:0
end_of_record
TN:
SF:/Users/alphanganga/WebstormProjects/ah-centauri-frontend/src/components/CustomArticle/MyArticleDraftFeed.js
FN:7,(anonymous_0)
FN:7,(anonymous_1)
FNF:2
FNH:0
FNDA:0,(anonymous_0)
FNDA:0,(anonymous_1)
DA:7,2
DA:9,2
DA:13,2
LF:3
LH:3
BRF:0
BRH:0
end_of_record
TN:
SF:/Users/alphanganga/WebstormProjects/ah-centauri-frontend/src/components/CustomArticle/MyArticleDraftItem.jsx
FN:10,(anonymous_0)
FN:16,(anonymous_1)
FNF:2
FNH:2
FNDA:1,(anonymous_0)
FNDA:1,(anonymous_1)
DA:10,1
DA:11,1
DA:13,1
DA:17,1
DA:19,1
DA:83,3
DA:87,3
LF:7
LH:7
BRF:0
BRH:0
end_of_record
TN:
SF:/Users/alphanganga/WebstormProjects/ah-centauri-frontend/src/components/CustomArticle/SingleArticleItem.jsx
FN:8,(anonymous_0)
FN:93,(anonymous_1)
FN:165,(anonymous_2)
FNF:3
FNH:3
FNDA:1,(anonymous_0)
FNDA:2,(anonymous_1)
FNDA:2,(anonymous_2)
DA:8,3
DA:9,1
DA:93,2
DA:166,2
DA:188,3
DA:192,3
LF:6
LH:6
BRDA:93,0,0,1
BRDA:93,0,1,0
BRDA:127,1,0,1
BRDA:127,1,1,0
BRDA:160,2,0,1
BRDA:160,2,1,0
BRDA:165,3,0,1
BRDA:165,3,1,0
BRF:8
BRH:4
end_of_record
TN:
SF:/Users/alphanganga/WebstormProjects/ah-centauri-frontend/src/components/CustomForm/CustomForm.jsx
FN:8,(anonymous_0)
FN:21,(anonymous_1)
FN:37,(anonymous_2)
FN:50,(anonymous_3)
FNF:4
FNH:4
FNDA:19,(anonymous_0)
FNDA:1,(anonymous_1)
FNDA:62,(anonymous_2)
FNDA:45,(anonymous_3)
DA:8,11
DA:17,19
DA:19,19
DA:20,19
DA:22,1
DA:23,0
DA:25,1
DA:28,19
DA:38,62
DA:39,44
DA:48,18
DA:51,45
DA:75,11
DA:84,11
LF:14
LH:13
BRDA:22,0,0,0
BRDA:22,0,1,1
BRDA:38,1,0,44
BRDA:38,1,1,18
BRF:4
BRH:3
end_of_record
TN:
SF:/Users/alphanganga/WebstormProjects/ah-centauri-frontend/src/components/CustomGrid/GridContainer.jsx
FN:5,GridContainer
FNF:1
FNH:1
FNDA:1,GridContainer
DA:8,1
DA:9,1
DA:18,7
DA:23,7
LF:4
LH:4
BRF:0
BRH:0
end_of_record
TN:
SF:/Users/alphanganga/WebstormProjects/ah-centauri-frontend/src/components/CustomGrid/GridItem.jsx
FN:6,GridItem
FNF:1
FNH:1
FNDA:4,GridItem
DA:7,4
DA:8,4
DA:15,7
DA:20,7
LF:4
LH:4
BRF:0
BRH:0
end_of_record
TN:
SF:/Users/alphanganga/WebstormProjects/ah-centauri-frontend/src/components/Profile/Avatar.js
FN:7,Avatar
FNF:1
FNH:1
FNDA:11,Avatar
DA:10,11
DA:11,11
DA:12,11
DA:23,3
DA:34,3
LF:5
LH:5
BRDA:11,0,0,0
BRDA:11,0,1,11
BRDA:16,1,0,1
BRDA:16,1,1,10
BRF:4
BRH:3
end_of_record
TN:
SF:/Users/alphanganga/WebstormProjects/ah-centauri-frontend/src/components/Profile/CountLabel.js
FN:5,CountLabel
FNF:1
FNH:1
FNDA:19,CountLabel
DA:8,19
DA:10,19
DA:19,3
DA:25,3
LF:4
LH:4
BRF:0
BRH:0
end_of_record
TN:
SF:/Users/alphanganga/WebstormProjects/ah-centauri-frontend/src/components/VerifyEmail/VerifyEmail.jsx
FN:6,VerifyEmail
FN:21,(anonymous_1)
FNF:2
FNH:1
FNDA:1,VerifyEmail
FNDA:0,(anonymous_1)
DA:7,1
DA:8,1
DA:10,1
DA:11,1
DA:13,1
DA:16,2
DA:21,2
LF:7
LH:7
BRF:0
BRH:0
end_of_record
TN:
SF:/Users/alphanganga/WebstormProjects/ah-centauri-frontend/src/components/layout/Footer.js
FN:12,(anonymous_0)
FNF:1
FNH:1
FNDA:1,(anonymous_0)
DA:12,7
DA:13,1
LF:2
LH:2
BRF:0
BRH:0
end_of_record
TN:
SF:/Users/alphanganga/WebstormProjects/ah-centauri-frontend/src/components/layout/HeaderLayout.js
FN:17,(anonymous_0)
FN:28,(anonymous_1)
FN:33,(anonymous_2)
FN:47,(anonymous_3)
FN:48,(anonymous_4)
FN:53,(anonymous_5)
FN:54,(anonymous_6)
FN:59,(anonymous_7)
FN:170,(anonymous_8)
FNF:9
FNH:9
FNDA:2,(anonymous_0)
FNDA:2,(anonymous_1)
FNDA:6,(anonymous_2)
FNDA:1,(anonymous_3)
FNDA:1,(anonymous_4)
FNDA:1,(anonymous_5)
FNDA:1,(anonymous_6)
FNDA:6,(anonymous_7)
FNDA:3,(anonymous_8)
DA:18,2
DA:19,2
DA:30,2
DA:34,6
DA:37,3
DA:44,3
DA:47,2
DA:48,1
DA:53,2
DA:54,1
DA:60,6
DA:61,6
DA:64,6
DA:149,8
DA:158,8
DA:170,8
LF:16
LH:16
BRDA:34,0,0,3
BRDA:34,0,1,3
BRDA:34,1,0,6
BRDA:34,1,1,3
BRDA:34,1,2,3
BRDA:79,2,0,0
BRDA:79,2,1,6
BRF:7
BRH:6
end_of_record
TN:
SF:/Users/alphanganga/WebstormProjects/ah-centauri-frontend/src/components/layout/SideBar.js
FN:5,(anonymous_0)
FNF:1
FNH:1
FNDA:1,(anonymous_0)
DA:5,3
DA:6,1
DA:36,3
DA:40,3
LF:4
LH:4
BRF:0
BRH:0
end_of_record
TN:
SF:/Users/alphanganga/WebstormProjects/ah-centauri-frontend/src/components/layout/login/socialAuth.js
FN:4,(anonymous_0)
FNF:1
FNH:1
FNDA:10,(anonymous_0)
DA:4,10
DA:5,10
DA:6,10
LF:3
LH:3
BRF:0
BRH:0
end_of_record
TN:
SF:/Users/alphanganga/WebstormProjects/ah-centauri-frontend/src/components/resetPassword/resetPasswordForm.jsx
FN:5,(anonymous_0)
FN:24,(anonymous_1)
FNF:2
FNH:2
FNDA:7,(anonymous_0)
FNDA:11,(anonymous_1)
DA:5,3
DA:12,7
DA:14,7
DA:25,11
DA:45,3
DA:49,3
LF:6
LH:6
BRF:0
BRH:0
end_of_record
TN:
SF:/Users/alphanganga/WebstormProjects/ah-centauri-frontend/src/reducers/articlesReducer.js
FN:18,(anonymous_0)
FN:49,(anonymous_1)
FNF:2
FNH:1
FNDA:11,(anonymous_0)
FNDA:0,(anonymous_1)
DA:10,2
DA:19,11
DA:21,2
DA:26,1
DA:33,1
DA:40,1
DA:47,1
DA:49,0
DA:54,1
DA:60,4
LF:10
LH:9
BRDA:18,0,0,3
BRDA:19,1,0,2
BRDA:19,1,1,1
BRDA:19,1,2,1
BRDA:19,1,3,1
BRDA:19,1,4,1
BRDA:19,1,5,1
BRDA:19,1,6,4
BRF:8
BRH:8
end_of_record
TN:
SF:/Users/alphanganga/WebstormProjects/ah-centauri-frontend/src/reducers/authReducer.js
FN:16,(anonymous_0)
FNF:1
FNH:1
FNDA:9,(anonymous_0)
DA:9,2
DA:17,9
DA:19,2
DA:24,1
DA:32,1
DA:39,1
DA:45,4
LF:7
LH:7
BRDA:16,0,0,2
BRDA:17,1,0,2
BRDA:17,1,1,1
BRDA:17,1,2,1
BRDA:17,1,3,1
BRDA:17,1,4,4
BRF:6
BRH:6
end_of_record
TN:
SF:/Users/alphanganga/WebstormProjects/ah-centauri-frontend/src/reducers/index.js
FNF:0
FNH:0
LF:0
LH:0
BRF:0
BRH:0
end_of_record
TN:
SF:/Users/alphanganga/WebstormProjects/ah-centauri-frontend/src/reducers/profileReducer.js
FN:16,(anonymous_0)
FNF:1
FNH:1
FNDA:9,(anonymous_0)
DA:9,2
DA:17,9
DA:19,1
DA:25,1
DA:36,1
DA:45,1
DA:56,1
DA:63,4
LF:8
LH:8
BRDA:16,0,0,4
BRDA:17,1,0,1
BRDA:17,1,1,1
BRDA:17,1,2,1
BRDA:17,1,3,1
BRDA:17,1,4,1
BRDA:17,1,5,4
BRF:7
BRH:7
end_of_record
TN:
SF:/Users/alphanganga/WebstormProjects/ah-centauri-frontend/src/reducers/resetReducer.js
FN:9,(anonymous_0)
FNF:1
FNH:1
FNDA:7,(anonymous_0)
DA:3,2
DA:10,7
DA:12,1
DA:18,1
DA:24,5
LF:5
LH:5
BRDA:9,0,0,3
BRDA:10,1,0,1
BRDA:10,1,1,1
BRDA:10,1,2,5
BRF:4
BRH:4
end_of_record
TN:
SF:/Users/alphanganga/WebstormProjects/ah-centauri-frontend/src/routes/index.js
FNF:0
FNH:0
DA:13,1
LF:1
LH:1
BRF:0
BRH:0
end_of_record
TN:
SF:/Users/alphanganga/WebstormProjects/ah-centauri-frontend/src/services/Api.js
FN:8,(anonymous_0)
FN:9,(anonymous_1)
FN:10,(anonymous_2)
FN:11,(anonymous_3)
FN:12,(anonymous_4)
FN:13,(anonymous_5)
FN:16,(anonymous_6)
FN:17,(anonymous_7)
FN:20,(anonymous_8)
FN:21,(anonymous_9)
FN:22,(anonymous_10)
FN:23,(anonymous_11)
FN:24,(anonymous_12)
FN:25,(anonymous_13)
FNF:14
FNH:14
FNDA:3,(anonymous_0)
FNDA:3,(anonymous_1)
FNDA:1,(anonymous_2)
FNDA:4,(anonymous_3)
FNDA:4,(anonymous_4)
FNDA:1,(anonymous_5)
FNDA:6,(anonymous_6)
FNDA:4,(anonymous_7)
FNDA:2,(anonymous_8)
FNDA:1,(anonymous_9)
FNDA:1,(anonymous_10)
FNDA:1,(anonymous_11)
FNDA:1,(anonymous_12)
FNDA:1,(anonymous_13)
DA:4,23
DA:6,23
DA:8,3
DA:9,3
DA:10,1
DA:11,4
DA:12,4
DA:13,1
DA:16,6
DA:17,4
DA:20,2
DA:21,1
DA:22,1
DA:23,1
DA:24,1
DA:25,1
LF:16
LH:16
BRF:0
BRH:0
end_of_record
TN:
SF:/Users/alphanganga/WebstormProjects/ah-centauri-frontend/src/store/index.js
FNF:0
FNH:0
DA:12,1
DA:14,1
DA:16,0
LF:3
LH:2
BRDA:14,0,0,0
BRDA:14,0,1,1
BRF:2
BRH:1
end_of_record
TN:
SF:/Users/alphanganga/WebstormProjects/ah-centauri-frontend/src/utils/emailVerification.js
FN:1,(anonymous_0)
FNF:1
FNH:1
FNDA:2,(anonymous_0)
DA:2,2
DA:3,2
DA:4,2
DA:6,2
LF:4
LH:4
BRF:0
BRH:0
end_of_record
TN:
SF:/Users/alphanganga/WebstormProjects/ah-centauri-frontend/src/utils/errorMessage.js
FN:2,getResponseErrorsObject
FN:11,getResponseErrors
FNF:2
FNH:2
FNDA:9,getResponseErrorsObject
FNDA:9,getResponseErrors
DA:3,9
DA:5,9
DA:6,22
DA:8,9
DA:13,9
DA:16,11
DA:23,7
DA:25,3
DA:29,5
DA:30,3
DA:34,3
DA:37,2
DA:41,4
DA:44,4
DA:49,4
DA:52,9
LF:16
LH:16
BRDA:2,0,0,0
BRDA:11,1,0,3
BRDA:16,2,0,7
BRDA:16,2,1,4
BRDA:18,3,0,11
BRDA:18,3,1,11
BRDA:18,3,2,7
BRDA:18,3,3,7
BRDA:23,4,0,3
BRDA:23,4,1,4
BRDA:23,5,0,7
BRDA:23,5,1,3
BRDA:29,6,0,3
BRDA:29,6,1,2
BRDA:41,7,0,4
BRDA:41,7,1,0
BRDA:41,8,0,4
BRDA:41,8,1,4
BRF:18
BRH:16
end_of_record
TN:
SF:/Users/alphanganga/WebstormProjects/ah-centauri-frontend/src/utils/is_empty.js
FN:1,(anonymous_0)
FNF:1
FNH:1
FNDA:63,(anonymous_0)
DA:1,63
LF:1
LH:1
BRDA:1,0,0,63
BRDA:1,0,1,61
BRDA:1,0,2,61
BRDA:1,0,3,22
BRDA:1,0,4,41
BRDA:1,0,5,39
BRF:6
BRH:6
end_of_record
TN:
SF:/Users/alphanganga/WebstormProjects/ah-centauri-frontend/src/utils/profile.constants.js
FN:248,(anonymous_0)
FNF:1
FNH:1
FNDA:488,(anonymous_0)
DA:1,2
DA:248,488
LF:2
LH:2
BRF:0
BRH:0
end_of_record
TN:
SF:/Users/alphanganga/WebstormProjects/ah-centauri-frontend/src/utils/setAuthToken.js
FN:4,(anonymous_0)
FNF:1
FNH:1
FNDA:2,(anonymous_0)
DA:4,2
DA:5,2
DA:7,1
DA:10,1
LF:4
LH:4
BRDA:5,0,0,1
BRDA:5,0,1,1
BRF:2
BRH:2
end_of_record
TN:
SF:/Users/alphanganga/WebstormProjects/ah-centauri-frontend/src/views/ArticlesPage/ArticlesDescription.js
FN:15,(anonymous_0)
FN:23,(anonymous_1)
FN:29,(anonymous_2)
FN:40,(anonymous_3)
FN:72,(anonymous_4)
FNF:5
FNH:4
FNDA:1,(anonymous_0)
FNDA:1,(anonymous_1)
FNDA:3,(anonymous_2)
FNDA:3,(anonymous_3)
FNDA:0,(anonymous_4)
DA:16,1
DA:17,1
DA:24,1
DA:25,1
DA:26,1
DA:30,3
DA:32,2
DA:37,1
DA:41,3
DA:43,3
DA:60,2
DA:65,2
DA:72,2
LF:13
LH:13
BRDA:30,0,0,2
BRDA:30,0,1,1
BRDA:30,1,0,3
BRDA:30,1,1,2
BRF:4
BRH:4
end_of_record
TN:
SF:/Users/alphanganga/WebstormProjects/ah-centauri-frontend/src/views/ArticlesPage/CreateArticlesPage.jsx
FN:18,(anonymous_0)
FN:34,(anonymous_1)
FN:47,(anonymous_2)
FN:53,(anonymous_3)
FN:59,(anonymous_4)
FN:86,(anonymous_5)
FN:94,(anonymous_6)
FN:191,(anonymous_7)
FNF:8
FNH:7
FNDA:1,(anonymous_0)
FNDA:6,(anonymous_1)
FNDA:1,(anonymous_2)
FNDA:2,(anonymous_3)
FNDA:1,(anonymous_4)
FNDA:6,(anonymous_5)
FNDA:5,(anonymous_6)
FNDA:0,(anonymous_7)
DA:19,1
DA:20,1
DA:21,1
DA:22,1
DA:23,1
DA:24,1
DA:35,6
DA:37,2
DA:43,4
DA:47,1
DA:48,1
DA:53,1
DA:54,2
DA:59,1
DA:60,1
DA:67,1
DA:69,1
DA:70,1
DA:71,1
DA:72,1
DA:74,1
DA:76,1
DA:89,6
DA:91,6
DA:92,6
DA:93,5
DA:94,5
DA:98,6
DA:179,2
DA:184,2
DA:191,2
LF:31
LH:31
BRDA:35,0,0,2
BRDA:35,0,1,4
BRDA:35,1,0,6
BRDA:35,1,1,4
BRDA:71,2,0,1
BRDA:71,2,1,0
BRDA:92,3,0,5
BRDA:92,3,1,1
BRDA:158,4,0,5
BRDA:158,4,1,1
BRF:10
BRH:9
end_of_record
TN:
SF:/Users/alphanganga/WebstormProjects/ah-centauri-frontend/src/views/ArticlesPage/MyArticlesDraftPage.jsx
FN:11,(anonymous_0)
FN:16,(anonymous_1)
FN:57,(anonymous_2)
FNF:3
FNH:2
FNDA:1,(anonymous_0)
FNDA:1,(anonymous_1)
FNDA:0,(anonymous_2)
DA:12,1
DA:17,1
DA:19,1
DA:46,2
DA:51,2
DA:57,2
LF:6
LH:6
BRF:0
BRH:0
end_of_record
TN:
SF:/Users/alphanganga/WebstormProjects/ah-centauri-frontend/src/views/ArticlesPage/UpdateArticlesPage.jsx
FN:21,(anonymous_0)
FN:33,(anonymous_1)
FN:39,(anonymous_2)
FN:61,(anonymous_3)
FN:67,(anonymous_4)
FN:73,(anonymous_5)
FN:99,(anonymous_6)
FN:107,(anonymous_7)
FN:207,(anonymous_8)
FNF:9
FNH:8
FNDA:1,(anonymous_0)
FNDA:1,(anonymous_1)
FNDA:1,(anonymous_2)
FNDA:1,(anonymous_3)
FNDA:2,(anonymous_4)
FNDA:1,(anonymous_5)
FNDA:7,(anonymous_6)
FNDA:1,(anonymous_7)
FNDA:0,(anonymous_8)
DA:22,1
DA:23,1
DA:34,1
DA:36,1
DA:40,1
DA:41,1
DA:42,1
DA:43,1
DA:44,1
DA:45,1
DA:46,1
DA:47,1
DA:49,1
DA:61,1
DA:62,1
DA:67,1
DA:68,2
DA:73,1
DA:74,1
DA:81,1
DA:82,1
DA:84,1
DA:85,1
DA:86,1
DA:87,1
DA:90,1
DA:102,7
DA:104,7
DA:105,7
DA:106,1
DA:107,1
DA:111,7
DA:192,2
DA:198,2
DA:207,2
LF:35
LH:35
BRDA:86,0,0,1
BRDA:86,0,1,0
BRDA:105,1,0,1
BRDA:105,1,1,6
BRDA:171,2,0,1
BRDA:171,2,1,6
BRF:6
BRH:5
end_of_record
TN:
SF:/Users/alphanganga/WebstormProjects/ah-centauri-frontend/src/views/HomePage/Homepage.js
FN:13,(anonymous_0)
FN:17,(anonymous_1)
FN:61,(anonymous_2)
FNF:3
FNH:3
FNDA:2,(anonymous_0)
FNDA:2,(anonymous_1)
FNDA:3,(anonymous_2)
DA:14,2
DA:18,2
DA:20,2
DA:52,2
DA:56,2
DA:61,3
LF:6
LH:6
BRF:0
BRH:0
end_of_record
TN:
SF:/Users/alphanganga/WebstormProjects/ah-centauri-frontend/src/views/Login/Login.js
FN:16,(anonymous_0)
FN:25,(anonymous_1)
FN:37,(anonymous_2)
FN:43,(anonymous_3)
FN:49,(anonymous_4)
FN:117,(anonymous_5)
FNF:6
FNH:6
FNDA:2,(anonymous_0)
FNDA:4,(anonymous_1)
FNDA:2,(anonymous_2)
FNDA:1,(anonymous_3)
FNDA:4,(anonymous_4)
FNDA:1,(anonymous_5)
DA:17,2
DA:18,2
DA:26,4
DA:29,2
DA:34,2
DA:37,2
DA:38,2
DA:43,2
DA:44,1
DA:46,1
DA:54,4
DA:56,4
DA:58,4
DA:101,9
DA:105,9
DA:117,9
LF:16
LH:16
BRDA:26,0,0,2
BRDA:26,0,1,2
BRDA:26,1,0,4
BRDA:26,1,1,2
BRDA:58,2,0,0
BRDA:58,2,1,4
BRDA:75,3,0,0
BRDA:75,3,1,4
BRDA:84,4,0,0
BRDA:84,4,1,4
BRF:10
BRH:7
end_of_record
TN:
SF:/Users/alphanganga/WebstormProjects/ah-centauri-frontend/src/views/NotFoundPage/NotFoundPage.jsx
FN:6,(anonymous_0)
FNF:1
FNH:1
FNDA:1,(anonymous_0)
DA:6,2
DA:7,1
LF:2
LH:2
BRF:0
BRH:0
end_of_record
TN:
SF:/Users/alphanganga/WebstormProjects/ah-centauri-frontend/src/views/ProfilePage/ProfilePage.js
FN:16,(anonymous_0)
FN:36,(anonymous_1)
FN:41,(anonymous_2)
FN:49,(anonymous_3)
FN:53,(anonymous_4)
FN:60,(anonymous_5)
FN:60,(anonymous_6)
FN:69,(anonymous_7)
FN:85,(anonymous_8)
FN:102,(anonymous_9)
FN:209,(anonymous_10)
FN:210,(anonymous_11)
FN:211,(anonymous_12)
FN:303,(anonymous_13)
FNF:14
FNH:8
FNDA:7,(anonymous_0)
FNDA:7,(anonymous_1)
FNDA:0,(anonymous_2)
FNDA:0,(anonymous_3)
FNDA:3,(anonymous_4)
FNDA:11,(anonymous_5)
FNDA:0,(anonymous_6)
FNDA:2,(anonymous_7)
FNDA:10,(anonymous_8)
FNDA:20,(anonymous_9)
FNDA:9,(anonymous_10)
FNDA:0,(anonymous_11)
FNDA:0,(anonymous_12)
FNDA:0,(anonymous_13)
DA:17,7
DA:18,7
DA:33,7
DA:38,7
DA:42,0
DA:43,0
DA:49,7
DA:50,0
DA:53,7
DA:54,3
DA:60,11
DA:61,0
DA:62,0
DA:69,7
DA:70,2
DA:73,2
DA:74,2
DA:88,10
DA:89,10
DA:101,10
DA:103,20
DA:112,10
DA:197,10
DA:208,10
DA:209,9
DA:210,0
DA:211,0
DA:213,10
DA:214,9
DA:239,1
DA:256,2
DA:273,2
DA:303,2
LF:33
LH:26
BRDA:61,0,0,0
BRDA:61,0,1,0
BRDA:61,1,0,0
BRDA:61,1,1,0
BRDA:91,2,0,10
BRDA:91,2,1,0
BRDA:96,3,0,10
BRDA:96,3,1,0
BRDA:122,4,0,10
BRDA:122,4,1,10
BRDA:133,5,0,10
BRDA:133,5,1,10
BRDA:145,6,0,10
BRDA:145,6,1,10
BRDA:156,7,0,10
BRDA:156,7,1,10
BRDA:167,8,0,10
BRDA:167,8,1,10
BRDA:182,9,0,10
BRDA:182,9,1,10
BRDA:193,10,0,10
BRDA:193,10,1,10
BRDA:213,11,0,9
BRDA:213,11,1,1
BRDA:227,12,0,0
BRDA:227,12,1,9
BRF:26
BRH:19
end_of_record
TN:
SF:/Users/alphanganga/WebstormProjects/ah-centauri-frontend/src/views/RegisterPage/RegisterPage.js
FN:21,(anonymous_0)
FN:31,(anonymous_1)
FN:42,(anonymous_2)
FN:48,(anonymous_3)
FN:54,(anonymous_4)
FN:137,(anonymous_5)
FNF:6
FNH:6
FNDA:2,(anonymous_0)
FNDA:6,(anonymous_1)
FNDA:3,(anonymous_2)
FNDA:1,(anonymous_3)
FNDA:6,(anonymous_4)
FNDA:1,(anonymous_5)
DA:22,2
DA:23,2
DA:32,6
DA:35,3
DA:39,3
DA:42,2
DA:43,3
DA:48,2
DA:49,1
DA:51,1
DA:57,6
DA:60,6
DA:62,6
DA:121,9
DA:125,9
DA:137,9
LF:16
LH:16
BRDA:32,0,0,3
BRDA:32,0,1,3
BRDA:32,1,0,6
BRDA:32,1,1,3
BRDA:62,2,0,0
BRDA:62,2,1,6
BRDA:65,3,0,0
BRDA:65,3,1,6
BRDA:90,4,0,1
BRDA:90,4,1,5
BRDA:99,5,0,1
BRDA:99,5,1,5
BRDA:108,6,0,1
BRDA:108,6,1,5
BRF:14
BRH:12
end_of_record
TN:
SF:/Users/alphanganga/WebstormProjects/ah-centauri-frontend/src/views/ResetPassword/ResetPassword.js
FN:10,(anonymous_0)
FN:22,(anonymous_1)
FN:35,(anonymous_2)
FN:39,(anonymous_3)
FN:43,(anonymous_4)
FN:58,(anonymous_5)
FN:99,(anonymous_6)
FNF:7
FNH:7
FNDA:1,(anonymous_0)
FNDA:4,(anonymous_1)
FNDA:1,(anonymous_2)
FNDA:2,(anonymous_3)
FNDA:1,(anonymous_4)
FNDA:4,(anonymous_5)
FNDA:1,(anonymous_6)
DA:11,1
DA:12,1
DA:23,4
DA:26,2
DA:32,2
DA:36,1
DA:39,1
DA:40,2
DA:43,1
DA:44,1
DA:45,1
DA:51,1
DA:55,1
DA:61,4
DA:62,4
DA:91,2
DA:99,2
DA:109,2
LF:18
LH:18
BRDA:23,0,0,2
BRDA:23,0,1,2
BRDA:23,1,0,4
BRDA:23,1,1,3
BRDA:23,1,2,2
BRF:5
BRH:5
end_of_record
TN:
SF:/Users/alphanganga/WebstormProjects/ah-centauri-frontend/src/views/ResetPassword/ResetPasswordLink.js
FN:9,(anonymous_0)
FN:19,(anonymous_1)
FN:32,(anonymous_2)
FN:36,(anonymous_3)
FN:46,(anonymous_4)
FN:79,(anonymous_5)
FNF:6
FNH:6
FNDA:1,(anonymous_0)
FNDA:3,(anonymous_1)
FNDA:1,(anonymous_2)
FNDA:1,(anonymous_3)
FNDA:3,(anonymous_4)
FNDA:1,(anonymous_5)
DA:10,1
DA:11,1
DA:20,3
DA:23,2
DA:29,1
DA:32,1
DA:33,1
DA:36,1
DA:37,1
DA:38,1
DA:43,1
DA:49,3
DA:50,3
DA:71,2
DA:79,2
DA:90,2
LF:16
LH:16
BRDA:20,0,0,2
BRDA:20,0,1,1
BRDA:20,1,0,3
BRDA:20,1,1,2
BRDA:20,1,2,1
BRF:5
BRH:5
end_of_record
