TN:
SF:/Users/alfredopon/Documents/Code/AuthorsHavenUpdated/ah-centauri-frontend/src/components/layout/HeaderLayout.js
FN:14,(anonymous_0)
FN:25,(anonymous_1)
FN:40,(anonymous_2)
FN:45,(anonymous_3)
FN:49,(anonymous_4)
FN:50,(anonymous_5)
FN:55,(anonymous_6)
FN:56,(anonymous_7)
FN:61,(anonymous_8)
FN:172,(anonymous_9)
FNF:10
FNH:9
FNDA:2,(anonymous_0)
FNDA:6,(anonymous_1)
FNDA:2,(anonymous_2)
FNDA:0,(anonymous_3)
FNDA:1,(anonymous_4)
FNDA:1,(anonymous_5)
FNDA:1,(anonymous_6)
FNDA:1,(anonymous_7)
FNDA:6,(anonymous_8)
FNDA:3,(anonymous_9)
DA:15,2
DA:16,2
DA:26,6
DA:30,6
DA:37,0
DA:42,2
DA:45,2
DA:46,0
DA:49,2
DA:50,1
DA:55,2
DA:56,1
DA:62,6
DA:63,6
DA:66,6
DA:151,9
DA:160,9
DA:172,9
LF:18
LH:16
BRDA:26,0,0,6
BRDA:26,0,1,0
BRDA:26,1,0,6
BRDA:26,1,1,3
BRDA:26,1,2,3
BRDA:26,1,3,0
BRDA:81,2,0,0
BRDA:81,2,1,6
BRDA:113,3,0,6
BRDA:113,3,1,6
BRDA:114,4,0,6
BRDA:114,4,1,6
BRF:12
BRH:9
end_of_record
TN:
SF:/Users/alfredopon/Documents/Code/AuthorsHavenUpdated/ah-centauri-frontend/src/views/ProfilePage/ProfilePage.js
FN:17,(anonymous_0)
FN:37,(anonymous_1)
FN:42,(anonymous_2)
FN:50,(anonymous_3)
FN:54,(anonymous_4)
FN:61,(anonymous_5)
FN:61,(anonymous_6)
FN:70,(anonymous_7)
FN:86,(anonymous_8)
FN:103,(anonymous_9)
FN:210,(anonymous_10)
FN:211,(anonymous_11)
FN:212,(anonymous_12)
FN:312,(anonymous_13)
FNF:14
FNH:7
FNDA:7,(anonymous_0)
FNDA:7,(anonymous_1)
FNDA:0,(anonymous_2)
FNDA:0,(anonymous_3)
FNDA:3,(anonymous_4)
FNDA:11,(anonymous_5)
FNDA:0,(anonymous_6)
FNDA:2,(anonymous_7)
FNDA:10,(anonymous_8)
FNDA:20,(anonymous_9)
FNDA:0,(anonymous_10)
FNDA:0,(anonymous_11)
FNDA:0,(anonymous_12)
FNDA:0,(anonymous_13)
DA:18,7
DA:19,7
DA:34,7
DA:39,7
DA:43,0
DA:44,0
DA:50,7
DA:51,0
DA:54,7
DA:55,3
DA:61,11
DA:62,0
DA:63,0
DA:70,7
DA:71,2
DA:74,2
DA:75,2
DA:89,10
DA:90,10
DA:102,10
DA:104,20
DA:113,10
DA:198,10
DA:209,10
DA:210,0
DA:211,0
DA:212,0
DA:214,10
DA:215,2
DA:249,8
DA:265,2
DA:282,2
DA:312,2
LF:33
LH:25
BRDA:62,0,0,0
BRDA:62,0,1,0
BRDA:62,1,0,0
BRDA:62,1,1,0
BRDA:92,2,0,10
BRDA:92,2,1,0
BRDA:97,3,0,10
BRDA:97,3,1,0
BRDA:123,4,0,10
BRDA:123,4,1,10
BRDA:134,5,0,10
BRDA:134,5,1,10
BRDA:146,6,0,10
BRDA:146,6,1,10
BRDA:157,7,0,10
BRDA:157,7,1,10
BRDA:168,8,0,10
BRDA:168,8,1,10
BRDA:183,9,0,10
BRDA:183,9,1,10
BRDA:194,10,0,10
BRDA:194,10,1,10
BRDA:214,11,0,2
BRDA:214,11,1,8
BRDA:229,12,0,0
BRDA:229,12,1,2
BRF:26
BRH:19
end_of_record
